#
# There is insufficient memory for the Java Runtime Environment to continue.
# Native memory allocation (malloc) failed to allocate 1093328 bytes. Error detail: Chunk::new
# Possible reasons:
#   The system is out of physical RAM or swap space
#   This process is running with CompressedOops enabled, and the Java Heap may be blocking the growth of the native heap
# Possible solutions:
#   Reduce memory load on the system
#   Increase physical memory or swap space
#   Check if swap backing store is full
#   Decrease Java heap size (-Xmx/-Xms)
#   Decrease number of Java threads
#   Decrease Java thread stack sizes (-Xss)
#   Set larger code cache with -XX:ReservedCodeCacheSize=
#   JVM is running with Unscaled Compressed Oops mode in which the Java heap is
#     placed in the first 4GB address space. The Java Heap base address is the
#     maximum limit for the native heap growth. Please use -XX:HeapBaseMinAddress
#     to set the Java Heap base and to place the Java Heap above 4GB virtual address.
# This output file may be truncated or incomplete.
#
#  Out of Memory Error (arena.cpp:168), pid=29632, tid=25568
#
# JRE version: OpenJDK Runtime Environment Temurin-21.0.8+9 (21.0.8+9) (build 21.0.8+9-LTS)
# Java VM: OpenJDK 64-Bit Server VM Temurin-21.0.8+9 (21.0.8+9-LTS, mixed mode, sharing, tiered, compressed oops, compressed class ptrs, parallel gc, windows-amd64)
# No core dump will be written. Minidumps are not enabled by default on client versions of Windows
#

---------------  S U M M A R Y ------------

Command Line: --add-modules=ALL-SYSTEM --add-opens=java.base/java.util=ALL-UNNAMED --add-opens=java.base/java.lang=ALL-UNNAMED --add-opens=java.base/sun.nio.fs=ALL-UNNAMED -Declipse.application=org.eclipse.jdt.ls.core.id1 -Dosgi.bundles.defaultStartLevel=4 -Declipse.product=org.eclipse.jdt.ls.core.product -Djava.import.generatesMetadataFilesAtProjectRoot=false -DDetectVMInstallationsJob.disabled=true -Dfile.encoding=utf8 -XX:+UseParallelGC -XX:GCTimeRatio=4 -XX:AdaptiveSizePolicyWeight=90 -Dsun.zip.disableMemoryMapping=true -Xmx2G -Xms100m -Xlog:disable -javaagent:c:\Users\user\.vscode\extensions\redhat.java-1.45.0-win32-x64\lombok\lombok-1.18.39-4050.jar -XX:+HeapDumpOnOutOfMemoryError -XX:HeapDumpPath=c:\Users\user\AppData\Roaming\Code\User\workspaceStorage\f630192729894180dd8e0e4f931b27e7\redhat.java -Daether.dependencyCollector.impl=bf c:\Users\user\.vscode\extensions\redhat.java-1.45.0-win32-x64\server\plugins\org.eclipse.equinox.launcher_1.7.0.v20250519-0528.jar -configuration c:\Users\user\AppData\Roaming\Code\User\globalStorage\redhat.java\1.45.0\config_win -data c:\Users\user\AppData\Roaming\Code\User\workspaceStorage\f630192729894180dd8e0e4f931b27e7\redhat.java\jdt_ws --pipe=\\.\pipe\lsp-aa88772cf6a50c069b9e554e8f7bb125-sock

Host: 13th Gen Intel(R) Core(TM) i7-13700H, 20 cores, 7G,  Windows 11 , 64 bit Build 26100 (10.0.26100.5074)
Time: Thu Sep 25 21:55:08 2025 South Africa Standard Time elapsed time: 1032.699644 seconds (0d 0h 17m 12s)

---------------  T H R E A D  ---------------

Current thread (0x000001792684d070):  JavaThread "C2 CompilerThread0" daemon [_thread_in_native, id=25568, stack(0x0000004b5e100000,0x0000004b5e200000) (1024K)]


Current CompileTask:
C2:1032699 24903   !   4       org.eclipse.jdt.internal.compiler.ast.ConstructorDeclaration::internalGenerateCode (828 bytes)

Stack: [0x0000004b5e100000,0x0000004b5e200000]
Native frames: (J=compiled Java code, j=interpreted, Vv=VM code, C=native code)
V  [jvm.dll+0x6d2449]
V  [jvm.dll+0x8ae341]
V  [jvm.dll+0x8b08be]
V  [jvm.dll+0x8b0fa3]
V  [jvm.dll+0x280c96]
V  [jvm.dll+0xc581d]
V  [jvm.dll+0xc5d53]
V  [jvm.dll+0x3b919c]
V  [jvm.dll+0x385315]
V  [jvm.dll+0x38477a]
V  [jvm.dll+0x248ed0]
V  [jvm.dll+0x2484af]
V  [jvm.dll+0x1c89ee]
V  [jvm.dll+0x257d4d]
V  [jvm.dll+0x2562ea]
V  [jvm.dll+0x3f2d16]
V  [jvm.dll+0x857e6b]
V  [jvm.dll+0x6d0b0d]
C  [ucrtbase.dll+0x37b0]
C  [KERNEL32.DLL+0x2e8d7]
C  [ntdll.dll+0x8d9c]


---------------  P R O C E S S  ---------------

Threads class SMR info:
_java_thread_list=0x00000179087f3690, length=82, elements={
0x000001792421a850, 0x000001792674dae0, 0x000001792683ef90, 0x0000017926841d20,
0x0000017926842aa0, 0x0000017926844d80, 0x0000017926849810, 0x000001792684d070,
0x00000179268577a0, 0x000001792680a0c0, 0x00000179015ea620, 0x0000017901990e10,
0x0000017901b34d60, 0x000001790632b880, 0x000001790632c2e0, 0x00000179068c3f30,
0x000001790678f490, 0x00000179066a0300, 0x00000179066a0990, 0x00000179066a1d40,
0x000001790669ef50, 0x000001790669f5e0, 0x0000017909d6e4f0, 0x0000017909d6ff30,
0x0000017909d6de60, 0x0000017909d6d140, 0x0000017909d6d7d0, 0x0000017909d712e0,
0x0000017909d70c50, 0x0000017909d705c0, 0x0000017909d6f8a0, 0x0000017909d6eb80,
0x0000017909d72000, 0x0000017909d71970, 0x0000017909d72690, 0x0000017909d6f210,
0x0000017909d733b0, 0x0000017909d74760, 0x0000017909d72d20, 0x0000017909d73a40,
0x0000017909d740d0, 0x0000017906bd7ec0, 0x0000017906bd8550, 0x0000017906bd5760,
0x0000017906bd6b10, 0x00000179138c3620, 0x00000179138c2270, 0x00000179138c5060,
0x00000179138c6410, 0x00000179138c77c0, 0x00000179138c56f0, 0x00000179138c5d80,
0x00000179138c7e50, 0x00000179138c6aa0, 0x000001797f678ae0, 0x000001797f67b240,
0x000001797f679e90, 0x000001797f67a520, 0x000001797f679170, 0x000001797f67abb0,
0x000001797f678450, 0x0000017909ab9810, 0x0000017909abd320, 0x0000017909abe040,
0x0000017909abe6d0, 0x0000017909abed60, 0x0000017909abb8e0, 0x0000017909abf3f0,
0x0000017906bd6480, 0x0000017906bd50d0, 0x0000017906bd8be0, 0x0000017906bd71a0,
0x0000017906bdacb0, 0x0000017906bda620, 0x0000017906bd9270, 0x0000017906bd9900,
0x0000017906bd7830, 0x0000017906bd5df0, 0x0000017906bdb340, 0x0000017906bdc6f0,
0x0000017906bd9f90, 0x0000017909595da0
}

Java Threads: ( => current thread )
  0x000001792421a850 JavaThread "main"                              [_thread_blocked, id=21780, stack(0x0000004b5d700000,0x0000004b5d800000) (1024K)]
  0x000001792674dae0 JavaThread "Reference Handler"          daemon [_thread_blocked, id=29796, stack(0x0000004b5db00000,0x0000004b5dc00000) (1024K)]
  0x000001792683ef90 JavaThread "Finalizer"                  daemon [_thread_blocked, id=14512, stack(0x0000004b5dc00000,0x0000004b5dd00000) (1024K)]
  0x0000017926841d20 JavaThread "Signal Dispatcher"          daemon [_thread_blocked, id=16432, stack(0x0000004b5dd00000,0x0000004b5de00000) (1024K)]
  0x0000017926842aa0 JavaThread "Attach Listener"            daemon [_thread_blocked, id=28472, stack(0x0000004b5de00000,0x0000004b5df00000) (1024K)]
  0x0000017926844d80 JavaThread "Service Thread"             daemon [_thread_blocked, id=32716, stack(0x0000004b5df00000,0x0000004b5e000000) (1024K)]
  0x0000017926849810 JavaThread "Monitor Deflation Thread"   daemon [_thread_blocked, id=25256, stack(0x0000004b5e000000,0x0000004b5e100000) (1024K)]
=>0x000001792684d070 JavaThread "C2 CompilerThread0"         daemon [_thread_in_native, id=25568, stack(0x0000004b5e100000,0x0000004b5e200000) (1024K)]
  0x00000179268577a0 JavaThread "C1 CompilerThread0"         daemon [_thread_blocked, id=31408, stack(0x0000004b5e200000,0x0000004b5e300000) (1024K)]
  0x000001792680a0c0 JavaThread "Common-Cleaner"             daemon [_thread_blocked, id=14244, stack(0x0000004b5e500000,0x0000004b5e600000) (1024K)]
  0x00000179015ea620 JavaThread "Notification Thread"        daemon [_thread_blocked, id=23732, stack(0x0000004b5ea00000,0x0000004b5eb00000) (1024K)]
  0x0000017901990e10 JavaThread "Active Thread: Equinox Container: b549f682-f117-4552-a2b6-9120a85df9ff"        [_thread_blocked, id=11436, stack(0x0000004b5f100000,0x0000004b5f200000) (1024K)]
  0x0000017901b34d60 JavaThread "Refresh Thread: Equinox Container: b549f682-f117-4552-a2b6-9120a85df9ff" daemon [_thread_blocked, id=21268, stack(0x0000004b5f300000,0x0000004b5f400000) (1024K)]
  0x000001790632b880 JavaThread "Framework Event Dispatcher: Equinox Container: b549f682-f117-4552-a2b6-9120a85df9ff" daemon [_thread_blocked, id=5316, stack(0x0000004b5f400000,0x0000004b5f500000) (1024K)]
  0x000001790632c2e0 JavaThread "Start Level: Equinox Container: b549f682-f117-4552-a2b6-9120a85df9ff" daemon [_thread_blocked, id=32312, stack(0x0000004b5f500000,0x0000004b5f600000) (1024K)]
  0x00000179068c3f30 JavaThread "Bundle File Closer"         daemon [_thread_blocked, id=25872, stack(0x0000004b5f900000,0x0000004b5fa00000) (1024K)]
  0x000001790678f490 JavaThread "SCR Component Actor"        daemon [_thread_blocked, id=32160, stack(0x0000004b5fa00000,0x0000004b5fb00000) (1024K)]
  0x00000179066a0300 JavaThread "Worker-JM"                         [_thread_blocked, id=4908, stack(0x0000004b5fd00000,0x0000004b5fe00000) (1024K)]
  0x00000179066a0990 JavaThread "JNA Cleaner"                daemon [_thread_blocked, id=19544, stack(0x0000004b5e600000,0x0000004b5e700000) (1024K)]
  0x00000179066a1d40 JavaThread "Java indexing"              daemon [_thread_blocked, id=12372, stack(0x0000004b60500000,0x0000004b60600000) (1024K)]
  0x000001790669ef50 JavaThread "Worker-4"                          [_thread_blocked, id=32052, stack(0x0000004b60a00000,0x0000004b60b00000) (1024K)]
  0x000001790669f5e0 JavaThread "Thread-2"                   daemon [_thread_in_native, id=3404, stack(0x0000004b60b00000,0x0000004b60c00000) (1024K)]
  0x0000017909d6e4f0 JavaThread "Thread-3"                   daemon [_thread_in_native, id=17460, stack(0x0000004b60c00000,0x0000004b60d00000) (1024K)]
  0x0000017909d6ff30 JavaThread "Thread-4"                   daemon [_thread_in_native, id=26752, stack(0x0000004b60d00000,0x0000004b60e00000) (1024K)]
  0x0000017909d6de60 JavaThread "Thread-5"                   daemon [_thread_in_native, id=4816, stack(0x0000004b60e00000,0x0000004b60f00000) (1024K)]
  0x0000017909d6d140 JavaThread "Thread-6"                   daemon [_thread_in_native, id=31400, stack(0x0000004b60f00000,0x0000004b61000000) (1024K)]
  0x0000017909d6d7d0 JavaThread "Thread-7"                   daemon [_thread_in_native, id=23316, stack(0x0000004b61000000,0x0000004b61100000) (1024K)]
  0x0000017909d712e0 JavaThread "Thread-8"                   daemon [_thread_in_native, id=8296, stack(0x0000004b61100000,0x0000004b61200000) (1024K)]
  0x0000017909d70c50 JavaThread "Thread-9"                   daemon [_thread_in_native, id=31812, stack(0x0000004b61200000,0x0000004b61300000) (1024K)]
  0x0000017909d705c0 JavaThread "Thread-10"                  daemon [_thread_in_native, id=29712, stack(0x0000004b61300000,0x0000004b61400000) (1024K)]
  0x0000017909d6f8a0 JavaThread "Thread-11"                  daemon [_thread_in_native, id=24852, stack(0x0000004b61400000,0x0000004b61500000) (1024K)]
  0x0000017909d6eb80 JavaThread "Thread-12"                  daemon [_thread_in_native, id=19044, stack(0x0000004b61500000,0x0000004b61600000) (1024K)]
  0x0000017909d72000 JavaThread "Thread-13"                  daemon [_thread_in_native, id=7884, stack(0x0000004b61600000,0x0000004b61700000) (1024K)]
  0x0000017909d71970 JavaThread "Thread-14"                  daemon [_thread_in_native, id=30608, stack(0x0000004b61700000,0x0000004b61800000) (1024K)]
  0x0000017909d72690 JavaThread "Thread-15"                  daemon [_thread_in_native, id=32144, stack(0x0000004b61800000,0x0000004b61900000) (1024K)]
  0x0000017909d6f210 JavaThread "Thread-16"                  daemon [_thread_in_native, id=5888, stack(0x0000004b61900000,0x0000004b61a00000) (1024K)]
  0x0000017909d733b0 JavaThread "Thread-17"                  daemon [_thread_in_native, id=29568, stack(0x0000004b61a00000,0x0000004b61b00000) (1024K)]
  0x0000017909d74760 JavaThread "Thread-18"                  daemon [_thread_in_native, id=2280, stack(0x0000004b61b00000,0x0000004b61c00000) (1024K)]
  0x0000017909d72d20 JavaThread "Thread-19"                  daemon [_thread_in_native, id=27296, stack(0x0000004b61c00000,0x0000004b61d00000) (1024K)]
  0x0000017909d73a40 JavaThread "Thread-20"                  daemon [_thread_in_native, id=18052, stack(0x0000004b61d00000,0x0000004b61e00000) (1024K)]
  0x0000017909d740d0 JavaThread "Thread-21"                  daemon [_thread_in_native, id=24500, stack(0x0000004b61e00000,0x0000004b61f00000) (1024K)]
  0x0000017906bd7ec0 JavaThread "Thread-22"                  daemon [_thread_in_native, id=7944, stack(0x0000004b61f00000,0x0000004b62000000) (1024K)]
  0x0000017906bd8550 JavaThread "pool-2-thread-1"                   [_thread_blocked, id=20012, stack(0x0000004b62000000,0x0000004b62100000) (1024K)]
  0x0000017906bd5760 JavaThread "WorkspaceEventsHandler"            [_thread_blocked, id=18176, stack(0x0000004b62200000,0x0000004b62300000) (1024K)]
  0x0000017906bd6b10 JavaThread "pool-1-thread-1"                   [_thread_blocked, id=16228, stack(0x0000004b62300000,0x0000004b62400000) (1024K)]
  0x00000179138c3620 JavaThread "ForkJoinPool.commonPool-worker-1" daemon [_thread_blocked, id=16116, stack(0x0000004b64600000,0x0000004b64700000) (1024K)]
  0x00000179138c2270 JavaThread "ForkJoinPool.commonPool-worker-2" daemon [_thread_blocked, id=20088, stack(0x0000004b64700000,0x0000004b64800000) (1024K)]
  0x00000179138c5060 JavaThread "ForkJoinPool.commonPool-worker-4" daemon [_thread_blocked, id=6708, stack(0x0000004b64900000,0x0000004b64a00000) (1024K)]
  0x00000179138c6410 JavaThread "ForkJoinPool.commonPool-worker-7" daemon [_thread_blocked, id=31044, stack(0x0000004b64c00000,0x0000004b64d00000) (1024K)]
  0x00000179138c77c0 JavaThread "ForkJoinPool.commonPool-worker-8" daemon [_thread_blocked, id=17816, stack(0x0000004b64d00000,0x0000004b64e00000) (1024K)]
  0x00000179138c56f0 JavaThread "ForkJoinPool.commonPool-worker-9" daemon [_thread_blocked, id=3336, stack(0x0000004b64e00000,0x0000004b64f00000) (1024K)]
  0x00000179138c5d80 JavaThread "ForkJoinPool.commonPool-worker-10" daemon [_thread_blocked, id=32004, stack(0x0000004b64f00000,0x0000004b65000000) (1024K)]
  0x00000179138c7e50 JavaThread "ForkJoinPool.commonPool-worker-11" daemon [_thread_blocked, id=5272, stack(0x0000004b65000000,0x0000004b65100000) (1024K)]
  0x00000179138c6aa0 JavaThread "ForkJoinPool.commonPool-worker-12" daemon [_thread_blocked, id=27192, stack(0x0000004b65100000,0x0000004b65200000) (1024K)]
  0x000001797f678ae0 JavaThread "ForkJoinPool.commonPool-worker-14" daemon [_thread_blocked, id=28660, stack(0x0000004b65300000,0x0000004b65400000) (1024K)]
  0x000001797f67b240 JavaThread "ForkJoinPool.commonPool-worker-15" daemon [_thread_blocked, id=21392, stack(0x0000004b65400000,0x0000004b65500000) (1024K)]
  0x000001797f679e90 JavaThread "ForkJoinPool.commonPool-worker-16" daemon [_thread_blocked, id=27476, stack(0x0000004b65500000,0x0000004b65600000) (1024K)]
  0x000001797f67a520 JavaThread "ForkJoinPool.commonPool-worker-17" daemon [_thread_blocked, id=24692, stack(0x0000004b65600000,0x0000004b65700000) (1024K)]
  0x000001797f679170 JavaThread "ForkJoinPool.commonPool-worker-18" daemon [_thread_blocked, id=4504, stack(0x0000004b65700000,0x0000004b65800000) (1024K)]
  0x000001797f67abb0 JavaThread "ForkJoinPool.commonPool-worker-19" daemon [_thread_blocked, id=31568, stack(0x0000004b65800000,0x0000004b65900000) (1024K)]
  0x000001797f678450 JavaThread "Cleaner-0"                  daemon [_thread_blocked, id=24584, stack(0x0000004b65900000,0x0000004b65a00000) (1024K)]
  0x0000017909ab9810 JavaThread "Worker-9: Building"                [_thread_blocked, id=22836, stack(0x0000004b5d500000,0x0000004b5d600000) (1024K)]
  0x0000017909abd320 JavaThread "Compiler Source File Reader" daemon [_thread_blocked, id=26260, stack(0x0000004b5d400000,0x0000004b5d500000) (1024K)]
  0x0000017909abe040 JavaThread "Compiler Processing Task"   daemon [_thread_blocked, id=26772, stack(0x0000004b5d600000,0x0000004b5d700000) (1024K)]
  0x0000017909abe6d0 JavaThread "Compiler Source File Reader" daemon [_thread_blocked, id=11428, stack(0x0000004b5e300000,0x0000004b5e400000) (1024K)]
  0x0000017909abed60 JavaThread "Compiler Source File Reader" daemon [_thread_blocked, id=24588, stack(0x0000004b5e400000,0x0000004b5e500000) (1024K)]
  0x0000017909abb8e0 JavaThread "Worker-10"                         [_thread_blocked, id=28816, stack(0x0000004b5e700000,0x0000004b5e800000) (1024K)]
  0x0000017909abf3f0 JavaThread "Compiler Source File Reader" daemon [_thread_blocked, id=26728, stack(0x0000004b5e800000,0x0000004b5e900000) (1024K)]
  0x0000017906bd6480 JavaThread "Compiler Source File Reader" daemon [_thread_blocked, id=13592, stack(0x0000004b5e900000,0x0000004b5ea00000) (1024K)]
  0x0000017906bd50d0 JavaThread "Compiler Source File Reader" daemon [_thread_blocked, id=2260, stack(0x0000004b5fb00000,0x0000004b5fc00000) (1024K)]
  0x0000017906bd8be0 JavaThread "Worker-11"                         [_thread_blocked, id=2576, stack(0x0000004b60100000,0x0000004b60200000) (1024K)]
  0x0000017906bd71a0 JavaThread "Compiler Source File Reader" daemon [_thread_blocked, id=11736, stack(0x0000004b60200000,0x0000004b60300000) (1024K)]
  0x0000017906bdacb0 JavaThread "Compiler Source File Reader" daemon [_thread_blocked, id=14404, stack(0x0000004b60300000,0x0000004b60400000) (1024K)]
  0x0000017906bda620 JavaThread "Compiler Source File Reader" daemon [_thread_blocked, id=31168, stack(0x0000004b60400000,0x0000004b60500000) (1024K)]
  0x0000017906bd9270 JavaThread "Compiler Source File Reader" daemon [_thread_blocked, id=4628, stack(0x0000004b60600000,0x0000004b60700000) (1024K)]
  0x0000017906bd9900 JavaThread "Compiler Source File Reader" daemon [_thread_blocked, id=27640, stack(0x0000004b60700000,0x0000004b60800000) (1024K)]
  0x0000017906bd7830 JavaThread "Compiler Source File Reader" daemon [_thread_blocked, id=22520, stack(0x0000004b60800000,0x0000004b60900000) (1024K)]
  0x0000017906bd5df0 JavaThread "pool-1-thread-5"                   [_thread_blocked, id=1600, stack(0x0000004b60900000,0x0000004b60a00000) (1024K)]
  0x0000017906bdb340 JavaThread "Compiler Source File Reader" daemon [_thread_blocked, id=28540, stack(0x0000004b62100000,0x0000004b62200000) (1024K)]
  0x0000017906bdc6f0 JavaThread "Compiler Source File Reader" daemon [_thread_blocked, id=6864, stack(0x0000004b62400000,0x0000004b62500000) (1024K)]
  0x0000017906bd9f90 JavaThread "Compiler Source File Reader" daemon [_thread_blocked, id=32472, stack(0x0000004b62500000,0x0000004b62600000) (1024K)]
  0x0000017909595da0 JavaThread "C2 CompilerThread1"         daemon [_thread_in_native, id=16416, stack(0x0000004b62600000,0x0000004b62700000) (1024K)]
Total: 82

Other Threads:
  0x000001792683ebf0 VMThread "VM Thread"                           [id=32632, stack(0x0000004b5da00000,0x0000004b5db00000) (1024K)] _threads_hazard_ptr=0x00000179087f3690
  0x000001792662ca00 WatcherThread "VM Periodic Task Thread"        [id=31828, stack(0x0000004b5d900000,0x0000004b5da00000) (1024K)]
  0x00000179267ba940 WorkerThread "GC Thread#0"                     [id=25368, stack(0x0000004b5d800000,0x0000004b5d900000) (1024K)]
  0x0000017906269430 WorkerThread "GC Thread#1"                     [id=20060, stack(0x0000004b5eb00000,0x0000004b5ec00000) (1024K)]
  0x00000179060b9b90 WorkerThread "GC Thread#2"                     [id=29164, stack(0x0000004b5ec00000,0x0000004b5ed00000) (1024K)]
  0x00000179060b9f30 WorkerThread "GC Thread#3"                     [id=32708, stack(0x0000004b5ed00000,0x0000004b5ee00000) (1024K)]
  0x00000179060ba2d0 WorkerThread "GC Thread#4"                     [id=28192, stack(0x0000004b5ee00000,0x0000004b5ef00000) (1024K)]
  0x00000179060ba670 WorkerThread "GC Thread#5"                     [id=31760, stack(0x0000004b5ef00000,0x0000004b5f000000) (1024K)]
  0x000001790600e170 WorkerThread "GC Thread#6"                     [id=14428, stack(0x0000004b5f000000,0x0000004b5f100000) (1024K)]
  0x000001790600ddd0 WorkerThread "GC Thread#7"                     [id=27740, stack(0x0000004b5f200000,0x0000004b5f300000) (1024K)]
  0x000001790600cbb0 WorkerThread "GC Thread#8"                     [id=27180, stack(0x0000004b5f600000,0x0000004b5f700000) (1024K)]
  0x000001790600da30 WorkerThread "GC Thread#9"                     [id=16320, stack(0x0000004b5f700000,0x0000004b5f800000) (1024K)]
  0x000001790600cf50 WorkerThread "GC Thread#10"                    [id=16028, stack(0x0000004b5f800000,0x0000004b5f900000) (1024K)]
  0x00000179067df1b0 WorkerThread "GC Thread#11"                    [id=31996, stack(0x0000004b5fc00000,0x0000004b5fd00000) (1024K)]
  0x00000179067dfc90 WorkerThread "GC Thread#12"                    [id=22024, stack(0x0000004b5fe00000,0x0000004b5ff00000) (1024K)]
  0x00000179067df550 WorkerThread "GC Thread#13"                    [id=26792, stack(0x0000004b5ff00000,0x0000004b60000000) (1024K)]
  0x00000179067e0030 WorkerThread "GC Thread#14"                    [id=31976, stack(0x0000004b60000000,0x0000004b60100000) (1024K)]
Total: 17

Threads with active compile tasks:
C2 CompilerThread0  1035764 24903   !   4       org.eclipse.jdt.internal.compiler.ast.ConstructorDeclaration::internalGenerateCode (828 bytes)
C2 CompilerThread1  1035764 24917   !   4       org.eclipse.jdt.core.search.SearchPattern::findIndexMatches (245 bytes)
Total: 2

VM state: synchronizing (normal execution)

VM Mutex/Monitor currently owned by a thread:  ([mutex/lock_event])
[0x00007ffa5af05458] Threads_lock - owner thread: 0x000001792683ebf0
[0x00007ffa5af05558] Heap_lock - owner thread: 0x0000017906bd6b10

Heap address: 0x0000000080000000, size: 2048 MB, Compressed Oops mode: 32-bit

CDS archive(s) mapped at: [0x000001793e000000-0x000001793eba0000-0x000001793eba0000), size 12189696, SharedBaseAddress: 0x000001793e000000, ArchiveRelocationMode: 1.
Compressed class space mapped at: 0x000001793f000000-0x000001797f000000, reserved size: 1073741824
Narrow klass base: 0x000001793e000000, Narrow klass shift: 0, Narrow klass range: 0x100000000

GC Precious Log:
 CardTable entry size: 512
 CPUs: 20 total, 20 available
 Memory: 7709M
 Large Page Support: Disabled
 NUMA Support: Disabled
 Compressed Oops: Enabled (32-bit)
 Alignments: Space 512K, Generation 512K, Heap 2M
 Heap Min Capacity: 100M
 Heap Initial Capacity: 100M
 Heap Max Capacity: 2G
 Pre-touch: Disabled
 Parallel Workers: 15

Heap:
 PSYoungGen      total 10240K, used 10225K [0x00000000d5580000, 0x00000000d6900000, 0x0000000100000000)
  eden space 6656K, 99% used [0x00000000d5580000,0x00000000d5bffff8,0x00000000d5c00000)
  from space 3584K, 99% used [0x00000000d6180000,0x00000000d64fc770,0x00000000d6500000)
  to   space 5632K, 0% used [0x00000000d5c00000,0x00000000d5c00000,0x00000000d6180000)
 ParOldGen       total 1108480K, used 1108014K [0x0000000080000000, 0x00000000c3a80000, 0x00000000d5580000)
  object space 1108480K, 99% used [0x0000000080000000,0x00000000c3a0bb10,0x00000000c3a80000)
 Metaspace       used 82269K, committed 83776K, reserved 1179648K
  class space    used 8094K, committed 8768K, reserved 1048576K

Card table byte_map: [0x0000017926140000,0x0000017926550000] _byte_map_base: 0x0000017925d40000

Marking Bits: (ParMarkBitMap*) 0x00007ffa5af0a340
 Begin Bits: [0x0000017938c40000, 0x000001793ac40000)
 End Bits:   [0x000001793ac40000, 0x000001793cc40000)

Polling page: 0x0000017924490000

Metaspace:

Usage:
  Non-class:     72.44 MB used.
      Class:      7.91 MB used.
       Both:     80.34 MB used.

Virtual space:
  Non-class space:      128.00 MB reserved,      73.25 MB ( 57%) committed,  2 nodes.
      Class space:        1.00 GB reserved,       8.56 MB ( <1%) committed,  1 nodes.
             Both:        1.12 GB reserved,      81.81 MB (  7%) committed. 

Chunk freelists:
   Non-Class:  6.46 MB
       Class:  7.44 MB
        Both:  13.91 MB

MaxMetaspaceSize: unlimited
CompressedClassSpaceSize: 1.00 GB
Initial GC threshold: 21.00 MB
Current GC threshold: 133.06 MB
CDS: on
 - commit_granule_bytes: 65536.
 - commit_granule_words: 8192.
 - virtual_space_node_default_size: 8388608.
 - enlarge_chunks_in_place: 1.
 - use_allocation_guard: 0.


Internal statistics:

num_allocs_failed_limit: 9.
num_arena_births: 1652.
num_arena_deaths: 92.
num_vsnodes_births: 3.
num_vsnodes_deaths: 0.
num_space_committed: 1309.
num_space_uncommitted: 0.
num_chunks_returned_to_freelist: 140.
num_chunks_taken_from_freelist: 6174.
num_chunk_merges: 63.
num_chunk_splits: 3500.
num_chunks_enlarged: 1644.
num_inconsistent_stats: 0.

CodeHeap 'non-profiled nmethods': size=119168Kb used=25104Kb max_used=25104Kb free=94064Kb
 bounds [0x0000017931530000, 0x0000017932dc0000, 0x0000017938990000]
CodeHeap 'profiled nmethods': size=119104Kb used=50537Kb max_used=52339Kb free=68566Kb
 bounds [0x0000017929990000, 0x000001792cce0000, 0x0000017930de0000]
CodeHeap 'non-nmethods': size=7488Kb used=1487Kb max_used=3235Kb free=6000Kb
 bounds [0x0000017930de0000, 0x0000017931160000, 0x0000017931530000]
CodeCache: size=245760Kb, used=77128Kb, max_used=80678Kb, free=168630Kb
 total_blobs=20604, nmethods=19806, adapters=698, full_count=0
Compilation: enabled, stopped_count=0, restarted_count=0

Compilation events (20 events):
Event: 1031.580 Thread 0x00000179268577a0 nmethod 24904 0x000001792afae510 code [0x000001792afae6c0, 0x000001792afae910]
Event: 1031.580 Thread 0x00000179268577a0 24905       3       java.util.logging.LogRecord$CallerFinder::test (46 bytes)
Event: 1031.622 Thread 0x00000179268577a0 nmethod 24905 0x000001792ae40410 code [0x000001792ae40620, 0x000001792ae40b98]
Event: 1031.622 Thread 0x00000179268577a0 24910       3       java.util.concurrent.CancellationException::<init> (5 bytes)
Event: 1031.622 Thread 0x00000179268577a0 nmethod 24910 0x000001792ae3fe90 code [0x000001792ae40060, 0x000001792ae402b0]
Event: 1031.622 Thread 0x00000179268577a0 24906       3       java.util.Formatter$FormatSpecifier::checkDateTime (100 bytes)
Event: 1031.624 Thread 0x00000179268577a0 nmethod 24906 0x000001792ac8c210 code [0x000001792ac8c4c0, 0x000001792ac8ce28]
Event: 1031.624 Thread 0x00000179268577a0 24911       3       java.util.concurrent.CompletableFuture$AltResult::<init> (10 bytes)
Event: 1031.625 Thread 0x00000179268577a0 nmethod 24911 0x000001792afae010 code [0x000001792afae1c0, 0x000001792afae348]
Event: 1031.625 Thread 0x00000179268577a0 24908       3       java.lang.IllegalStateException::<init> (5 bytes)
Event: 1031.625 Thread 0x00000179268577a0 nmethod 24908 0x000001792ae3fa10 code [0x000001792ae3fbc0, 0x000001792ae3fdb0]
Event: 1031.625 Thread 0x00000179268577a0 24907       1       java.lang.Throwable::getMessage (5 bytes)
Event: 1031.625 Thread 0x00000179268577a0 nmethod 24907 0x0000017932db2290 code [0x0000017932db2420, 0x0000017932db24e8]
Event: 1031.625 Thread 0x00000179268577a0 24912       1       org.eclipse.lsp4j.jsonrpc.messages.ResponseMessage::setError (6 bytes)
Event: 1031.626 Thread 0x00000179268577a0 nmethod 24912 0x0000017932db2590 code [0x0000017932db2720, 0x0000017932db2800]
Event: 1031.626 Thread 0x00000179268577a0 24913       1       org.eclipse.lsp4j.jsonrpc.messages.ResponseErrorCode::getValue (5 bytes)
Event: 1031.626 Thread 0x00000179268577a0 nmethod 24913 0x0000017932db2890 code [0x0000017932db2a20, 0x0000017932db2ae8]
Event: 1031.697 Thread 0x00000179268577a0 24919       3       org.eclipse.jdt.core.dom.ASTConverter::recordNodes (43 bytes)
Event: 1031.698 Thread 0x00000179268577a0 nmethod 24919 0x000001792ac8b810 code [0x000001792ac8ba00, 0x000001792ac8c0d8]
Event: 1032.695 Thread 0x00000179268577a0 24921       3       org.eclipse.jdt.core.dom.ASTConverter::convert (871 bytes)

GC Heap History (20 events):
Event: 1023.716 GC heap before
{Heap before GC invocations=2940 (full 5):
 PSYoungGen      total 6656K, used 6406K [0x00000000d5580000, 0x00000000d5f80000, 0x0000000100000000)
  eden space 5632K, 100% used [0x00000000d5580000,0x00000000d5b00000,0x00000000d5b00000)
  from space 1024K, 75% used [0x00000000d5e80000,0x00000000d5f41950,0x00000000d5f80000)
  to   space 1536K, 0% used [0x00000000d5c80000,0x00000000d5c80000,0x00000000d5e00000)
 ParOldGen       total 1089024K, used 1088717K [0x0000000080000000, 0x00000000c2780000, 0x00000000d5580000)
  object space 1089024K, 99% used [0x0000000080000000,0x00000000c2733440,0x00000000c2780000)
 Metaspace       used 82206K, committed 83712K, reserved 1179648K
  class space    used 8087K, committed 8768K, reserved 1048576K
}
Event: 1023.722 GC heap after
{Heap after GC invocations=2940 (full 5):
 PSYoungGen      total 7168K, used 1536K [0x00000000d5580000, 0x00000000d6600000, 0x0000000100000000)
  eden space 5632K, 0% used [0x00000000d5580000,0x00000000d5580000,0x00000000d5b00000)
  from space 1536K, 100% used [0x00000000d5c80000,0x00000000d5e00000,0x00000000d5e00000)
  to   space 5632K, 0% used [0x00000000d6080000,0x00000000d6080000,0x00000000d6600000)
 ParOldGen       total 1092096K, used 1091995K [0x0000000080000000, 0x00000000c2a80000, 0x00000000d5580000)
  object space 1092096K, 99% used [0x0000000080000000,0x00000000c2a66d90,0x00000000c2a80000)
 Metaspace       used 82206K, committed 83712K, reserved 1179648K
  class space    used 8087K, committed 8768K, reserved 1048576K
}
Event: 1023.975 GC heap before
{Heap before GC invocations=2941 (full 5):
 PSYoungGen      total 7168K, used 7168K [0x00000000d5580000, 0x00000000d6600000, 0x0000000100000000)
  eden space 5632K, 100% used [0x00000000d5580000,0x00000000d5b00000,0x00000000d5b00000)
  from space 1536K, 100% used [0x00000000d5c80000,0x00000000d5e00000,0x00000000d5e00000)
  to   space 5632K, 0% used [0x00000000d6080000,0x00000000d6080000,0x00000000d6600000)
 ParOldGen       total 1092096K, used 1091995K [0x0000000080000000, 0x00000000c2a80000, 0x00000000d5580000)
  object space 1092096K, 99% used [0x0000000080000000,0x00000000c2a66d90,0x00000000c2a80000)
 Metaspace       used 82206K, committed 83712K, reserved 1179648K
  class space    used 8087K, committed 8768K, reserved 1048576K
}
Event: 1023.978 GC heap after
{Heap after GC invocations=2941 (full 5):
 PSYoungGen      total 7680K, used 1552K [0x00000000d5580000, 0x00000000d6280000, 0x0000000100000000)
  eden space 5632K, 0% used [0x00000000d5580000,0x00000000d5580000,0x00000000d5b00000)
  from space 2048K, 75% used [0x00000000d6080000,0x00000000d6204010,0x00000000d6280000)
  to   space 3072K, 0% used [0x00000000d5c80000,0x00000000d5c80000,0x00000000d5f80000)
 ParOldGen       total 1093632K, used 1093222K [0x0000000080000000, 0x00000000c2c00000, 0x00000000d5580000)
  object space 1093632K, 99% used [0x0000000080000000,0x00000000c2b99880,0x00000000c2c00000)
 Metaspace       used 82206K, committed 83712K, reserved 1179648K
  class space    used 8087K, committed 8768K, reserved 1048576K
}
Event: 1024.165 GC heap before
{Heap before GC invocations=2942 (full 5):
 PSYoungGen      total 7680K, used 7184K [0x00000000d5580000, 0x00000000d6280000, 0x0000000100000000)
  eden space 5632K, 100% used [0x00000000d5580000,0x00000000d5b00000,0x00000000d5b00000)
  from space 2048K, 75% used [0x00000000d6080000,0x00000000d6204010,0x00000000d6280000)
  to   space 3072K, 0% used [0x00000000d5c80000,0x00000000d5c80000,0x00000000d5f80000)
 ParOldGen       total 1093632K, used 1093222K [0x0000000080000000, 0x00000000c2c00000, 0x00000000d5580000)
  object space 1093632K, 99% used [0x0000000080000000,0x00000000c2b99880,0x00000000c2c00000)
 Metaspace       used 82206K, committed 83712K, reserved 1179648K
  class space    used 8087K, committed 8768K, reserved 1048576K
}
Event: 1024.172 GC heap after
{Heap after GC invocations=2942 (full 5):
 PSYoungGen      total 8704K, used 384K [0x00000000d5580000, 0x00000000d6100000, 0x0000000100000000)
  eden space 5632K, 0% used [0x00000000d5580000,0x00000000d5580000,0x00000000d5b00000)
  from space 3072K, 12% used [0x00000000d5c80000,0x00000000d5ce0000,0x00000000d5f80000)
  to   space 1024K, 0% used [0x00000000d6000000,0x00000000d6000000,0x00000000d6100000)
 ParOldGen       total 1094144K, used 1094136K [0x0000000080000000, 0x00000000c2c80000, 0x00000000d5580000)
  object space 1094144K, 99% used [0x0000000080000000,0x00000000c2c7e1e0,0x00000000c2c80000)
 Metaspace       used 82206K, committed 83712K, reserved 1179648K
  class space    used 8087K, committed 8768K, reserved 1048576K
}
Event: 1024.224 GC heap before
{Heap before GC invocations=2943 (full 5):
 PSYoungGen      total 8704K, used 6016K [0x00000000d5580000, 0x00000000d6100000, 0x0000000100000000)
  eden space 5632K, 100% used [0x00000000d5580000,0x00000000d5b00000,0x00000000d5b00000)
  from space 3072K, 12% used [0x00000000d5c80000,0x00000000d5ce0000,0x00000000d5f80000)
  to   space 1024K, 0% used [0x00000000d6000000,0x00000000d6000000,0x00000000d6100000)
 ParOldGen       total 1094144K, used 1094136K [0x0000000080000000, 0x00000000c2c80000, 0x00000000d5580000)
  object space 1094144K, 99% used [0x0000000080000000,0x00000000c2c7e1e0,0x00000000c2c80000)
 Metaspace       used 82206K, committed 83712K, reserved 1179648K
  class space    used 8087K, committed 8768K, reserved 1048576K
}
Event: 1025.236 GC heap after
{Heap after GC invocations=2943 (full 5):
 PSYoungGen      total 8192K, used 688K [0x00000000d5580000, 0x00000000d6100000, 0x0000000100000000)
  eden space 7168K, 0% used [0x00000000d5580000,0x00000000d5580000,0x00000000d5c80000)
  from space 1024K, 67% used [0x00000000d6000000,0x00000000d60ac010,0x00000000d6100000)
  to   space 1024K, 0% used [0x00000000d5f00000,0x00000000d5f00000,0x00000000d6000000)
 ParOldGen       total 1094656K, used 1094317K [0x0000000080000000, 0x00000000c2d00000, 0x00000000d5580000)
  object space 1094656K, 99% used [0x0000000080000000,0x00000000c2cab690,0x00000000c2d00000)
 Metaspace       used 82206K, committed 83712K, reserved 1179648K
  class space    used 8087K, committed 8768K, reserved 1048576K
}
Event: 1025.459 GC heap before
{Heap before GC invocations=2944 (full 5):
 PSYoungGen      total 8192K, used 7851K [0x00000000d5580000, 0x00000000d6100000, 0x0000000100000000)
  eden space 7168K, 99% used [0x00000000d5580000,0x00000000d5c7efb0,0x00000000d5c80000)
  from space 1024K, 67% used [0x00000000d6000000,0x00000000d60ac010,0x00000000d6100000)
  to   space 1024K, 0% used [0x00000000d5f00000,0x00000000d5f00000,0x00000000d6000000)
 ParOldGen       total 1094656K, used 1094317K [0x0000000080000000, 0x00000000c2d00000, 0x00000000d5580000)
  object space 1094656K, 99% used [0x0000000080000000,0x00000000c2cab690,0x00000000c2d00000)
 Metaspace       used 82206K, committed 83712K, reserved 1179648K
  class space    used 8087K, committed 8768K, reserved 1048576K
}
Event: 1025.462 GC heap after
{Heap after GC invocations=2944 (full 5):
 PSYoungGen      total 9728K, used 992K [0x00000000d5580000, 0x00000000d6100000, 0x0000000100000000)
  eden space 8704K, 0% used [0x00000000d5580000,0x00000000d5580000,0x00000000d5e00000)
  from space 1024K, 96% used [0x00000000d5f00000,0x00000000d5ff8000,0x00000000d6000000)
  to   space 1024K, 0% used [0x00000000d6000000,0x00000000d6000000,0x00000000d6100000)
 ParOldGen       total 1094656K, used 1094349K [0x0000000080000000, 0x00000000c2d00000, 0x00000000d5580000)
  object space 1094656K, 99% used [0x0000000080000000,0x00000000c2cb3690,0x00000000c2d00000)
 Metaspace       used 82206K, committed 83712K, reserved 1179648K
  class space    used 8087K, committed 8768K, reserved 1048576K
}
Event: 1026.446 GC heap before
{Heap before GC invocations=2945 (full 5):
 PSYoungGen      total 9728K, used 9696K [0x00000000d5580000, 0x00000000d6100000, 0x0000000100000000)
  eden space 8704K, 100% used [0x00000000d5580000,0x00000000d5e00000,0x00000000d5e00000)
  from space 1024K, 96% used [0x00000000d5f00000,0x00000000d5ff8000,0x00000000d6000000)
  to   space 1024K, 0% used [0x00000000d6000000,0x00000000d6000000,0x00000000d6100000)
 ParOldGen       total 1094656K, used 1094349K [0x0000000080000000, 0x00000000c2d00000, 0x00000000d5580000)
  object space 1094656K, 99% used [0x0000000080000000,0x00000000c2cb3690,0x00000000c2d00000)
 Metaspace       used 82220K, committed 83776K, reserved 1179648K
  class space    used 8088K, committed 8768K, reserved 1048576K
}
Event: 1026.451 GC heap after
{Heap after GC invocations=2945 (full 5):
 PSYoungGen      total 9216K, used 496K [0x00000000d5580000, 0x00000000d6080000, 0x0000000100000000)
  eden space 8704K, 0% used [0x00000000d5580000,0x00000000d5580000,0x00000000d5e00000)
  from space 512K, 96% used [0x00000000d6000000,0x00000000d607c010,0x00000000d6080000)
  to   space 1024K, 0% used [0x00000000d5e80000,0x00000000d5e80000,0x00000000d5f80000)
 ParOldGen       total 1094656K, used 1094461K [0x0000000080000000, 0x00000000c2d00000, 0x00000000d5580000)
  object space 1094656K, 99% used [0x0000000080000000,0x00000000c2ccf690,0x00000000c2d00000)
 Metaspace       used 82220K, committed 83776K, reserved 1179648K
  class space    used 8088K, committed 8768K, reserved 1048576K
}
Event: 1026.472 GC heap before
{Heap before GC invocations=2946 (full 5):
 PSYoungGen      total 9216K, used 9200K [0x00000000d5580000, 0x00000000d6080000, 0x0000000100000000)
  eden space 8704K, 100% used [0x00000000d5580000,0x00000000d5e00000,0x00000000d5e00000)
  from space 512K, 96% used [0x00000000d6000000,0x00000000d607c010,0x00000000d6080000)
  to   space 1024K, 0% used [0x00000000d5e80000,0x00000000d5e80000,0x00000000d5f80000)
 ParOldGen       total 1094656K, used 1094461K [0x0000000080000000, 0x00000000c2d00000, 0x00000000d5580000)
  object space 1094656K, 99% used [0x0000000080000000,0x00000000c2ccf690,0x00000000c2d00000)
 Metaspace       used 82220K, committed 83776K, reserved 1179648K
  class space    used 8088K, committed 8768K, reserved 1048576K
}
Event: 1028.491 GC heap after
{Heap after GC invocations=2946 (full 5):
 PSYoungGen      total 9728K, used 1012K [0x00000000d5580000, 0x00000000d6080000, 0x0000000100000000)
  eden space 8704K, 0% used [0x00000000d5580000,0x00000000d5580000,0x00000000d5e00000)
  from space 1024K, 98% used [0x00000000d5e80000,0x00000000d5f7d340,0x00000000d5f80000)
  to   space 512K, 0% used [0x00000000d6000000,0x00000000d6000000,0x00000000d6080000)
 ParOldGen       total 1099776K, used 1099497K [0x0000000080000000, 0x00000000c3200000, 0x00000000d5580000)
  object space 1099776K, 99% used [0x0000000080000000,0x00000000c31ba5e0,0x00000000c3200000)
 Metaspace       used 82220K, committed 83776K, reserved 1179648K
  class space    used 8088K, committed 8768K, reserved 1048576K
}
Event: 1028.561 GC heap before
{Heap before GC invocations=2947 (full 5):
 PSYoungGen      total 9728K, used 9716K [0x00000000d5580000, 0x00000000d6080000, 0x0000000100000000)
  eden space 8704K, 100% used [0x00000000d5580000,0x00000000d5e00000,0x00000000d5e00000)
  from space 1024K, 98% used [0x00000000d5e80000,0x00000000d5f7d340,0x00000000d5f80000)
  to   space 512K, 0% used [0x00000000d6000000,0x00000000d6000000,0x00000000d6080000)
 ParOldGen       total 1099776K, used 1099497K [0x0000000080000000, 0x00000000c3200000, 0x00000000d5580000)
  object space 1099776K, 99% used [0x0000000080000000,0x00000000c31ba5e0,0x00000000c3200000)
 Metaspace       used 82220K, committed 83776K, reserved 1179648K
  class space    used 8088K, committed 8768K, reserved 1048576K
}
Event: 1031.577 GC heap after
{Heap after GC invocations=2947 (full 5):
 PSYoungGen      total 9216K, used 512K [0x00000000d5580000, 0x00000000d6080000, 0x0000000100000000)
  eden space 8704K, 0% used [0x00000000d5580000,0x00000000d5580000,0x00000000d5e00000)
  from space 512K, 100% used [0x00000000d6000000,0x00000000d6080000,0x00000000d6080000)
  to   space 1024K, 0% used [0x00000000d5e80000,0x00000000d5e80000,0x00000000d5f80000)
 ParOldGen       total 1106432K, used 1106224K [0x0000000080000000, 0x00000000c3880000, 0x00000000d5580000)
  object space 1106432K, 99% used [0x0000000080000000,0x00000000c384c2e0,0x00000000c3880000)
 Metaspace       used 82220K, committed 83776K, reserved 1179648K
  class space    used 8088K, committed 8768K, reserved 1048576K
}
Event: 1031.654 GC heap before
{Heap before GC invocations=2948 (full 5):
 PSYoungGen      total 9216K, used 9216K [0x00000000d5580000, 0x00000000d6080000, 0x0000000100000000)
  eden space 8704K, 100% used [0x00000000d5580000,0x00000000d5e00000,0x00000000d5e00000)
  from space 512K, 100% used [0x00000000d6000000,0x00000000d6080000,0x00000000d6080000)
  to   space 1024K, 0% used [0x00000000d5e80000,0x00000000d5e80000,0x00000000d5f80000)
 ParOldGen       total 1106432K, used 1106224K [0x0000000080000000, 0x00000000c3880000, 0x00000000d5580000)
  object space 1106432K, 99% used [0x0000000080000000,0x00000000c384c2e0,0x00000000c3880000)
 Metaspace       used 82233K, committed 83776K, reserved 1179648K
  class space    used 8091K, committed 8768K, reserved 1048576K
}
Event: 1031.658 GC heap after
{Heap after GC invocations=2948 (full 5):
 PSYoungGen      total 9728K, used 672K [0x00000000d5580000, 0x00000000d6500000, 0x0000000100000000)
  eden space 8704K, 0% used [0x00000000d5580000,0x00000000d5580000,0x00000000d5e00000)
  from space 1024K, 65% used [0x00000000d5e80000,0x00000000d5f28000,0x00000000d5f80000)
  to   space 3584K, 0% used [0x00000000d6180000,0x00000000d6180000,0x00000000d6500000)
 ParOldGen       total 1106944K, used 1106795K [0x0000000080000000, 0x00000000c3900000, 0x00000000d5580000)
  object space 1106944K, 99% used [0x0000000080000000,0x00000000c38dac40,0x00000000c3900000)
 Metaspace       used 82233K, committed 83776K, reserved 1179648K
  class space    used 8091K, committed 8768K, reserved 1048576K
}
Event: 1031.681 GC heap before
{Heap before GC invocations=2949 (full 5):
 PSYoungGen      total 9728K, used 9376K [0x00000000d5580000, 0x00000000d6500000, 0x0000000100000000)
  eden space 8704K, 100% used [0x00000000d5580000,0x00000000d5e00000,0x00000000d5e00000)
  from space 1024K, 65% used [0x00000000d5e80000,0x00000000d5f28000,0x00000000d5f80000)
  to   space 3584K, 0% used [0x00000000d6180000,0x00000000d6180000,0x00000000d6500000)
 ParOldGen       total 1106944K, used 1106795K [0x0000000080000000, 0x00000000c3900000, 0x00000000d5580000)
  object space 1106944K, 99% used [0x0000000080000000,0x00000000c38dac40,0x00000000c3900000)
 Metaspace       used 82236K, committed 83776K, reserved 1179648K
  class space    used 8092K, committed 8768K, reserved 1048576K
}
Event: 1031.686 GC heap after
{Heap after GC invocations=2949 (full 5):
 PSYoungGen      total 10240K, used 3569K [0x00000000d5580000, 0x00000000d6900000, 0x0000000100000000)
  eden space 6656K, 0% used [0x00000000d5580000,0x00000000d5580000,0x00000000d5c00000)
  from space 3584K, 99% used [0x00000000d6180000,0x00000000d64fc770,0x00000000d6500000)
  to   space 5632K, 0% used [0x00000000d5c00000,0x00000000d5c00000,0x00000000d6180000)
 ParOldGen       total 1108480K, used 1108014K [0x0000000080000000, 0x00000000c3a80000, 0x00000000d5580000)
  object space 1108480K, 99% used [0x0000000080000000,0x00000000c3a0bb10,0x00000000c3a80000)
 Metaspace       used 82236K, committed 83776K, reserved 1179648K
  class space    used 8092K, committed 8768K, reserved 1048576K
}

Dll operation events (10 events):
Event: 0.009 Loaded shared library c:\Users\user\.vscode\extensions\redhat.java-1.45.0-win32-x64\jre\21.0.8-win32-x86_64\bin\java.dll
Event: 0.059 Loaded shared library c:\Users\user\.vscode\extensions\redhat.java-1.45.0-win32-x64\jre\21.0.8-win32-x86_64\bin\zip.dll
Event: 0.078 Loaded shared library C:\Users\user\.vscode\extensions\redhat.java-1.45.0-win32-x64\jre\21.0.8-win32-x86_64\bin\instrument.dll
Event: 0.081 Loaded shared library C:\Users\user\.vscode\extensions\redhat.java-1.45.0-win32-x64\jre\21.0.8-win32-x86_64\bin\net.dll
Event: 0.082 Loaded shared library C:\Users\user\.vscode\extensions\redhat.java-1.45.0-win32-x64\jre\21.0.8-win32-x86_64\bin\nio.dll
Event: 0.084 Loaded shared library C:\Users\user\.vscode\extensions\redhat.java-1.45.0-win32-x64\jre\21.0.8-win32-x86_64\bin\zip.dll
Event: 0.098 Loaded shared library C:\Users\user\.vscode\extensions\redhat.java-1.45.0-win32-x64\jre\21.0.8-win32-x86_64\bin\jimage.dll
Event: 0.167 Loaded shared library c:\Users\user\.vscode\extensions\redhat.java-1.45.0-win32-x64\jre\21.0.8-win32-x86_64\bin\verify.dll
Event: 1.184 Loaded shared library C:\Users\user\AppData\Roaming\Code\User\globalStorage\redhat.java\1.45.0\config_win\org.eclipse.equinox.launcher\org.eclipse.equinox.launcher.win32.win32.x86_64_1.2.1400.v20250801-0854\eclipse_11916.dll
Event: 3.184 Loaded shared library C:\Users\user\AppData\Local\Temp\jna-3599307\jna10487473041250842069.dll

Deoptimization events (20 events):
Event: 1031.679 Thread 0x00000179138c3620 Uncommon trap: reason=unstable_if action=reinterpret pc=0x00000179327e0030 method=org.eclipse.jdt.core.dom.ASTConverter.convert(Lorg/eclipse/jdt/internal/compiler/ast/Expression;)Lorg/eclipse/jdt/core/dom/Expression; @ 679 c2
Event: 1031.679 Thread 0x00000179138c6aa0 Uncommon trap: reason=unstable_if action=reinterpret pc=0x00000179327e0030 method=org.eclipse.jdt.core.dom.ASTConverter.convert(Lorg/eclipse/jdt/internal/compiler/ast/Expression;)Lorg/eclipse/jdt/core/dom/Expression; @ 679 c2
Event: 1031.680 Thread 0x00000179138c3620 DEOPT PACKING pc=0x00000179327e0030 sp=0x0000004b646fddd0
Event: 1031.680 Thread 0x00000179138c3620 DEOPT UNPACKING pc=0x0000017930e33aa2 sp=0x0000004b646fddd8 mode 2
Event: 1031.680 Thread 0x00000179138c6aa0 DEOPT PACKING pc=0x00000179327e0030 sp=0x0000004b651fd6e0
Event: 1031.680 Thread 0x00000179138c6aa0 DEOPT UNPACKING pc=0x0000017930e33aa2 sp=0x0000004b651fd6e8 mode 2
Event: 1031.686 Thread 0x00000179138c3620 Uncommon trap: trap_request=0xffffff45 fr.pc=0x00000179321a7ff0 relative=0x0000000000000050
Event: 1031.686 Thread 0x00000179138c6aa0 Uncommon trap: trap_request=0xffffff45 fr.pc=0x00000179321a7ff0 relative=0x0000000000000050
Event: 1031.686 Thread 0x00000179138c3620 Uncommon trap: reason=unstable_if action=reinterpret pc=0x00000179321a7ff0 method=org.eclipse.jdt.internal.core.dom.util.DOMASTUtil.isNodeTypeSupportedinAST(IZI)Z @ 1 c2
Event: 1031.686 Thread 0x00000179138c6aa0 Uncommon trap: reason=unstable_if action=reinterpret pc=0x00000179321a7ff0 method=org.eclipse.jdt.internal.core.dom.util.DOMASTUtil.isNodeTypeSupportedinAST(IZI)Z @ 1 c2
Event: 1031.686 Thread 0x00000179138c3620 DEOPT PACKING pc=0x00000179321a7ff0 sp=0x0000004b646fdc90
Event: 1031.686 Thread 0x00000179138c3620 DEOPT UNPACKING pc=0x0000017930e33aa2 sp=0x0000004b646fdc18 mode 2
Event: 1031.686 Thread 0x00000179138c6aa0 DEOPT PACKING pc=0x00000179321a7ff0 sp=0x0000004b651fd5a0
Event: 1031.686 Thread 0x00000179138c6aa0 DEOPT UNPACKING pc=0x0000017930e33aa2 sp=0x0000004b651fd528 mode 2
Event: 1031.690 Thread 0x00000179138c5d80 DEOPT PACKING pc=0x000001792cc62b2a sp=0x0000004b64ffede0
Event: 1031.690 Thread 0x00000179138c5d80 DEOPT UNPACKING pc=0x0000017930e34242 sp=0x0000004b64ffe2f0 mode 0
Event: 1031.692 Thread 0x00000179138c3620 Uncommon trap: trap_request=0xffffff45 fr.pc=0x0000017931d30dc0 relative=0x0000000000000200
Event: 1031.692 Thread 0x00000179138c3620 Uncommon trap: reason=unstable_if action=reinterpret pc=0x0000017931d30dc0 method=org.eclipse.jdt.core.dom.ASTConverter.recordNodes(Lorg/eclipse/jdt/core/dom/ASTNode;Lorg/eclipse/jdt/internal/compiler/ast/ASTNode;)V @ 19 c2
Event: 1031.692 Thread 0x00000179138c3620 DEOPT PACKING pc=0x0000017931d30dc0 sp=0x0000004b646fdb60
Event: 1031.692 Thread 0x00000179138c3620 DEOPT UNPACKING pc=0x0000017930e33aa2 sp=0x0000004b646fdb30 mode 2

Classes loaded (20 events):
Event: 286.659 Loading class java/util/function/LongFunction
Event: 286.659 Loading class java/util/function/LongFunction done
Event: 286.660 Loading class java/util/stream/Nodes$ConcNode
Event: 286.660 Loading class java/util/stream/Nodes$AbstractConcNode
Event: 286.660 Loading class java/util/stream/Nodes$AbstractConcNode done
Event: 286.660 Loading class java/util/stream/Nodes$ConcNode done
Event: 286.671 Loading class java/util/stream/Nodes$ToArrayTask$OfRef
Event: 286.671 Loading class java/util/stream/Nodes$ToArrayTask
Event: 286.671 Loading class java/util/stream/Nodes$ToArrayTask done
Event: 286.671 Loading class java/util/stream/Nodes$ToArrayTask$OfRef done
Event: 286.674 Loading class java/io/ObjectOutputStream$BlockDataOutputStream
Event: 286.674 Loading class java/io/ObjectOutputStream$BlockDataOutputStream done
Event: 286.674 Loading class java/io/ObjectOutputStream$HandleTable
Event: 286.675 Loading class java/io/ObjectOutputStream$HandleTable done
Event: 286.675 Loading class java/io/ObjectOutputStream$ReplaceTable
Event: 286.675 Loading class java/io/ObjectOutputStream$ReplaceTable done
Event: 397.119 Loading class java/lang/Throwable$WrappedPrintWriter
Event: 397.121 Loading class java/lang/Throwable$PrintStreamOrWriter
Event: 397.121 Loading class java/lang/Throwable$PrintStreamOrWriter done
Event: 397.121 Loading class java/lang/Throwable$WrappedPrintWriter done

Classes unloaded (20 events):
Event: 53.189 Thread 0x000001792683ebf0 Unloading class 0x000001793f6d9800 'java/lang/invoke/LambdaForm$MH+0x000001793f6d9800'
Event: 53.189 Thread 0x000001792683ebf0 Unloading class 0x000001793f6d9000 'java/lang/invoke/LambdaForm$MH+0x000001793f6d9000'
Event: 53.189 Thread 0x000001792683ebf0 Unloading class 0x000001793f6d9400 'java/lang/invoke/LambdaForm$MH+0x000001793f6d9400'
Event: 53.189 Thread 0x000001792683ebf0 Unloading class 0x000001793f6d8800 'java/lang/invoke/LambdaForm$MH+0x000001793f6d8800'
Event: 53.189 Thread 0x000001792683ebf0 Unloading class 0x000001793f6d8400 'java/lang/invoke/LambdaForm$MH+0x000001793f6d8400'
Event: 53.189 Thread 0x000001792683ebf0 Unloading class 0x000001793f6d7800 'java/lang/invoke/LambdaForm$MH+0x000001793f6d7800'
Event: 53.189 Thread 0x000001792683ebf0 Unloading class 0x000001793f6d7000 'java/lang/invoke/LambdaForm$MH+0x000001793f6d7000'
Event: 53.189 Thread 0x000001792683ebf0 Unloading class 0x000001793f6d7c00 'java/lang/invoke/LambdaForm$MH+0x000001793f6d7c00'
Event: 53.189 Thread 0x000001792683ebf0 Unloading class 0x000001793f6d8000 'java/lang/invoke/LambdaForm$MH+0x000001793f6d8000'
Event: 53.189 Thread 0x000001792683ebf0 Unloading class 0x000001793f6d7400 'java/lang/invoke/LambdaForm$MH+0x000001793f6d7400'
Event: 53.189 Thread 0x000001792683ebf0 Unloading class 0x000001793f6d6800 'java/lang/invoke/LambdaForm$MH+0x000001793f6d6800'
Event: 53.189 Thread 0x000001792683ebf0 Unloading class 0x000001793f6d6400 'java/lang/invoke/LambdaForm$MH+0x000001793f6d6400'
Event: 53.189 Thread 0x000001792683ebf0 Unloading class 0x000001793f6d6000 'java/lang/invoke/LambdaForm$MH+0x000001793f6d6000'
Event: 53.189 Thread 0x000001792683ebf0 Unloading class 0x000001793f6d5c00 'java/lang/invoke/LambdaForm$MH+0x000001793f6d5c00'
Event: 53.189 Thread 0x000001792683ebf0 Unloading class 0x000001793f6d5800 'java/lang/invoke/LambdaForm$MH+0x000001793f6d5800'
Event: 53.189 Thread 0x000001792683ebf0 Unloading class 0x000001793f6d4c00 'java/lang/invoke/LambdaForm$MH+0x000001793f6d4c00'
Event: 53.189 Thread 0x000001792683ebf0 Unloading class 0x000001793f6d5000 'java/lang/invoke/LambdaForm$MH+0x000001793f6d5000'
Event: 53.189 Thread 0x000001792683ebf0 Unloading class 0x000001793f6d4800 'java/lang/invoke/LambdaForm$MH+0x000001793f6d4800'
Event: 53.189 Thread 0x000001792683ebf0 Unloading class 0x000001793f6d4400 'java/lang/invoke/LambdaForm$MH+0x000001793f6d4400'
Event: 53.189 Thread 0x000001792683ebf0 Unloading class 0x000001793f6d4000 'java/lang/invoke/LambdaForm$MH+0x000001793f6d4000'

Classes redefined (0 events):
No events

Internal exceptions (20 events):
Event: 1015.972 Thread 0x00000179066a1d40 Exception <a 'sun/nio/fs/WindowsException'{0x00000000d57e6178}> (0x00000000d57e6178) 
thrown [s\src\hotspot\share\prims\jni.cpp, line 520]
Event: 1019.377 Thread 0x00000179066a1d40 Exception <a 'sun/nio/fs/WindowsException'{0x00000000d5649040}> (0x00000000d5649040) 
thrown [s\src\hotspot\share\prims\jni.cpp, line 520]
Event: 1019.490 Thread 0x00000179066a1d40 Exception <a 'sun/nio/fs/WindowsException'{0x00000000d5626690}> (0x00000000d5626690) 
thrown [s\src\hotspot\share\prims\jni.cpp, line 520]
Event: 1021.571 Thread 0x0000017906bd5df0 Implicit null exception at 0x0000017932196dd6 to 0x000001793219de2c
Event: 1021.572 Thread 0x0000017906bd5df0 Implicit null exception at 0x0000017931fc2b22 to 0x0000017931fc2f4c
Event: 1022.237 Thread 0x0000017906bd5df0 Exception <a 'java/lang/ClassNotFoundException'{0x00000000d57b49d8}: sun/net/www/protocol/jdt/Handler> (0x00000000d57b49d8) 
thrown [s\src\hotspot\share\classfile\systemDictionary.cpp, line 312]
Event: 1022.238 Thread 0x0000017906bd5df0 Exception <a 'java/lang/ClassNotFoundException'{0x00000000d57b69f0}: sun/net/www/protocol/jdt/Handler> (0x00000000d57b69f0) 
thrown [s\src\hotspot\share\classfile\systemDictionary.cpp, line 312]
Event: 1022.238 Thread 0x0000017906bd5df0 Exception <a 'java/lang/ClassNotFoundException'{0x00000000d57ca050}: sun/net/www/protocol/jdt/Handler> (0x00000000d57ca050) 
thrown [s\src\hotspot\share\classfile\systemDictionary.cpp, line 312]
Event: 1022.238 Thread 0x0000017906bd5df0 Exception <a 'java/lang/ClassNotFoundException'{0x00000000d57cc738}: sun/net/www/protocol/jdt/Handler> (0x00000000d57cc738) 
thrown [s\src\hotspot\share\classfile\systemDictionary.cpp, line 312]
Event: 1022.238 Thread 0x0000017906bd5df0 Exception <a 'java/lang/ClassNotFoundException'{0x00000000d57cedf8}: sun/net/www/protocol/jdt/Handler> (0x00000000d57cedf8) 
thrown [s\src\hotspot\share\classfile\systemDictionary.cpp, line 312]
Event: 1022.239 Thread 0x0000017906bd5df0 Exception <a 'java/lang/ClassNotFoundException'{0x00000000d57d14a8}: sun/net/www/protocol/jdt/Handler> (0x00000000d57d14a8) 
thrown [s\src\hotspot\share\classfile\systemDictionary.cpp, line 312]
Event: 1022.239 Thread 0x0000017906bd5df0 Exception <a 'java/lang/ClassNotFoundException'{0x00000000d57d3b88}: sun/net/www/protocol/jdt/Handler> (0x00000000d57d3b88) 
thrown [s\src\hotspot\share\classfile\systemDictionary.cpp, line 312]
Event: 1022.239 Thread 0x0000017906bd5df0 Exception <a 'java/lang/ClassNotFoundException'{0x00000000d57d6220}: sun/net/www/protocol/jdt/Handler> (0x00000000d57d6220) 
thrown [s\src\hotspot\share\classfile\systemDictionary.cpp, line 312]
Event: 1022.239 Thread 0x0000017906bd5df0 Exception <a 'java/lang/ClassNotFoundException'{0x00000000d57d95f8}: sun/net/www/protocol/jdt/Handler> (0x00000000d57d95f8) 
thrown [s\src\hotspot\share\classfile\systemDictionary.cpp, line 312]
Event: 1022.239 Thread 0x0000017906bd5df0 Exception <a 'java/lang/ClassNotFoundException'{0x00000000d57db990}: sun/net/www/protocol/jdt/Handler> (0x00000000d57db990) 
thrown [s\src\hotspot\share\classfile\systemDictionary.cpp, line 312]
Event: 1022.302 Thread 0x0000017906bd5df0 Exception <a 'java/lang/ClassNotFoundException'{0x00000000d594d990}: sun/net/www/protocol/jdt/Handler> (0x00000000d594d990) 
thrown [s\src\hotspot\share\classfile\systemDictionary.cpp, line 312]
Event: 1023.657 Thread 0x00000179066a1d40 Exception <a 'sun/nio/fs/WindowsException'{0x00000000d582e760}> (0x00000000d582e760) 
thrown [s\src\hotspot\share\prims\jni.cpp, line 520]
Event: 1023.750 Thread 0x00000179066a1d40 Exception <a 'sun/nio/fs/WindowsException'{0x00000000d55bcb00}> (0x00000000d55bcb00) 
thrown [s\src\hotspot\share\prims\jni.cpp, line 520]
Event: 1026.431 Thread 0x00000179066a1d40 Exception <a 'sun/nio/fs/WindowsException'{0x00000000d5c13820}> (0x00000000d5c13820) 
thrown [s\src\hotspot\share\prims\jni.cpp, line 520]
Event: 1028.550 Thread 0x00000179066a1d40 Exception <a 'sun/nio/fs/WindowsException'{0x00000000d5d94e90}> (0x00000000d5d94e90) 
thrown [s\src\hotspot\share\prims\jni.cpp, line 520]

ZGC Phase Switch (0 events):
No events

VM Operations (20 events):
Event: 1024.224 Executing VM operation: ParallelGCFailedAllocation (Allocation Failure)
Event: 1025.236 Executing VM operation: ParallelGCFailedAllocation (Allocation Failure) done
Event: 1025.459 Executing VM operation: ParallelGCFailedAllocation (Allocation Failure)
Event: 1025.462 Executing VM operation: ParallelGCFailedAllocation (Allocation Failure) done
Event: 1026.446 Executing VM operation: ParallelGCFailedAllocation (Allocation Failure)
Event: 1026.451 Executing VM operation: ParallelGCFailedAllocation (Allocation Failure) done
Event: 1026.472 Executing VM operation: ParallelGCFailedAllocation (Allocation Failure)
Event: 1028.491 Executing VM operation: ParallelGCFailedAllocation (Allocation Failure) done
Event: 1028.561 Executing VM operation: ParallelGCFailedAllocation (Allocation Failure)
Event: 1031.577 Executing VM operation: ParallelGCFailedAllocation (Allocation Failure) done
Event: 1031.629 Executing VM operation: ParallelGCFailedAllocation (Allocation Failure)
Event: 1031.658 Executing VM operation: ParallelGCFailedAllocation (Allocation Failure) done
Event: 1031.658 Executing VM operation: HandshakeAllThreads (Deoptimize)
Event: 1031.659 Executing VM operation: HandshakeAllThreads (Deoptimize) done
Event: 1031.680 Executing VM operation: ParallelGCFailedAllocation (Allocation Failure)
Event: 1031.686 Executing VM operation: ParallelGCFailedAllocation (Allocation Failure) done
Event: 1031.691 Executing VM operation: HandshakeAllThreads (Deoptimize)
Event: 1031.692 Executing VM operation: HandshakeAllThreads (Deoptimize) done
Event: 1032.694 Executing VM operation: Cleanup
Event: 1032.695 Executing VM operation: Cleanup done

Memory protections (0 events):
No events

Nmethod flushes (20 events):
Event: 357.911 Thread 0x000001792683ebf0 flushing  nmethod 0x000001792b964f90
Event: 357.911 Thread 0x000001792683ebf0 flushing  nmethod 0x000001792b969e90
Event: 357.911 Thread 0x000001792683ebf0 flushing  nmethod 0x000001792b972090
Event: 357.911 Thread 0x000001792683ebf0 flushing  nmethod 0x000001792b97a710
Event: 357.911 Thread 0x000001792683ebf0 flushing  nmethod 0x000001792b995d10
Event: 357.911 Thread 0x000001792683ebf0 flushing  nmethod 0x000001792b99a510
Event: 357.911 Thread 0x000001792683ebf0 flushing  nmethod 0x000001792b99e010
Event: 357.911 Thread 0x000001792683ebf0 flushing  nmethod 0x000001792b9a5590
Event: 357.911 Thread 0x000001792683ebf0 flushing  nmethod 0x000001792b9a7f90
Event: 357.911 Thread 0x000001792683ebf0 flushing  nmethod 0x000001792b9a9110
Event: 357.911 Thread 0x000001792683ebf0 flushing  nmethod 0x000001792b9aa610
Event: 357.911 Thread 0x000001792683ebf0 flushing  nmethod 0x000001792b9bb110
Event: 357.911 Thread 0x000001792683ebf0 flushing  nmethod 0x000001792b9d2410
Event: 357.911 Thread 0x000001792683ebf0 flushing  nmethod 0x000001792b9da190
Event: 357.911 Thread 0x000001792683ebf0 flushing  nmethod 0x000001792ba1cd10
Event: 357.911 Thread 0x000001792683ebf0 flushing  nmethod 0x000001792ba5c410
Event: 357.911 Thread 0x000001792683ebf0 flushing  nmethod 0x000001792ba7f810
Event: 357.911 Thread 0x000001792683ebf0 flushing  nmethod 0x000001792ba8bd10
Event: 357.911 Thread 0x000001792683ebf0 flushing  nmethod 0x000001792bbd3a90
Event: 357.911 Thread 0x000001792683ebf0 flushing  nmethod 0x000001792bc2fd90

Events (20 events):
Event: 988.097 Thread 0x0000017906bd5df0 Thread exited: 0x0000017906bd5df0
Event: 993.169 Thread 0x000001790669ef50 Thread added: 0x0000017906bd7830
Event: 993.438 Thread 0x0000017906bdb340 Thread exited: 0x0000017906bdb340
Event: 994.651 Thread 0x0000017906bd6b10 Thread added: 0x0000017906bd5df0
Event: 996.804 Thread 0x0000017909abb8e0 Thread added: 0x0000017906bdb340
Event: 1001.098 Thread 0x000001790669ef50 Thread added: 0x0000017906bdc6f0
Event: 1002.751 Thread 0x0000017909ab9810 Thread added: 0x0000017906bd9f90
Event: 1011.261 Thread 0x000001792684d070 Thread added: 0x0000017909595da0
Event: 1012.123 Thread 0x0000017909595da0 Thread exited: 0x0000017909595da0
Event: 1020.233 Thread 0x00000179268577a0 Thread added: 0x0000017909595da0
Event: 1020.234 Thread 0x00000179268577a0 Thread added: 0x0000017909597210
Event: 1020.241 Thread 0x00000179268577a0 Thread added: 0x000001790959a890
Event: 1020.971 Thread 0x000001790959a890 Thread exited: 0x000001790959a890
Event: 1020.977 Thread 0x0000017909597210 Thread exited: 0x0000017909597210
Event: 1021.583 Thread 0x00000179268577a0 Thread added: 0x000001790959a890
Event: 1022.219 Thread 0x00000179268577a0 Thread added: 0x0000017909597210
Event: 1022.965 Thread 0x0000017909597210 Thread exited: 0x0000017909597210
Event: 1023.239 Thread 0x000001790959a890 Thread exited: 0x000001790959a890
Event: 1031.577 Thread 0x0000017909595da0 Thread exited: 0x0000017909595da0
Event: 1032.695 Thread 0x00000179268577a0 Thread added: 0x0000017909595da0


Dynamic libraries:
0x00007ff66ae20000 - 0x00007ff66ae2e000 	c:\Users\user\.vscode\extensions\redhat.java-1.45.0-win32-x64\jre\21.0.8-win32-x86_64\bin\java.exe
0x00007ffae0320000 - 0x00007ffae0589000 	C:\WINDOWS\SYSTEM32\ntdll.dll
0x00007ffadfba0000 - 0x00007ffadfc69000 	C:\WINDOWS\System32\KERNEL32.DLL
0x00007ffadd990000 - 0x00007ffaddd83000 	C:\WINDOWS\System32\KERNELBASE.dll
0x00007ffadd780000 - 0x00007ffadd8cb000 	C:\WINDOWS\System32\ucrtbase.dll
0x00007ffaccc70000 - 0x00007ffaccc88000 	c:\Users\user\.vscode\extensions\redhat.java-1.45.0-win32-x64\jre\21.0.8-win32-x86_64\bin\jli.dll
0x00007ffac5d70000 - 0x00007ffac5d8e000 	c:\Users\user\.vscode\extensions\redhat.java-1.45.0-win32-x64\jre\21.0.8-win32-x86_64\bin\VCRUNTIME140.dll
0x00007ffade690000 - 0x00007ffade854000 	C:\WINDOWS\System32\USER32.dll
0x00007ffadd550000 - 0x00007ffadd577000 	C:\WINDOWS\System32\win32u.dll
0x00007ffac2cd0000 - 0x00007ffac2f63000 	C:\WINDOWS\WinSxS\amd64_microsoft.windows.common-controls_6595b64144ccf1df_6.0.26100.5074_none_3e0d6f78e32fd63f\COMCTL32.dll
0x00007ffade1c0000 - 0x00007ffade1eb000 	C:\WINDOWS\System32\GDI32.dll
0x00007ffadfc70000 - 0x00007ffadfd19000 	C:\WINDOWS\System32\msvcrt.dll
0x00007ffaddd90000 - 0x00007ffaddebd000 	C:\WINDOWS\System32\gdi32full.dll
0x00007ffade040000 - 0x00007ffade0e3000 	C:\WINDOWS\System32\msvcp_win.dll
0x00007ffae02a0000 - 0x00007ffae02cf000 	C:\WINDOWS\System32\IMM32.DLL
0x00007ffad9dd0000 - 0x00007ffad9ddc000 	c:\Users\user\.vscode\extensions\redhat.java-1.45.0-win32-x64\jre\21.0.8-win32-x86_64\bin\vcruntime140_1.dll
0x00007ffa909e0000 - 0x00007ffa90a6d000 	c:\Users\user\.vscode\extensions\redhat.java-1.45.0-win32-x64\jre\21.0.8-win32-x86_64\bin\msvcp140.dll
0x00007ffa5a250000 - 0x00007ffa5afe7000 	c:\Users\user\.vscode\extensions\redhat.java-1.45.0-win32-x64\jre\21.0.8-win32-x86_64\bin\server\jvm.dll
0x00007ffadff10000 - 0x00007ffadffc4000 	C:\WINDOWS\System32\ADVAPI32.dll
0x00007ffae00f0000 - 0x00007ffae0196000 	C:\WINDOWS\System32\sechost.dll
0x00007ffadf590000 - 0x00007ffadf6a8000 	C:\WINDOWS\System32\RPCRT4.dll
0x00007ffae0070000 - 0x00007ffae00e4000 	C:\WINDOWS\System32\WS2_32.dll
0x00007ffada8f0000 - 0x00007ffada925000 	C:\WINDOWS\SYSTEM32\WINMM.dll
0x00007ffadd310000 - 0x00007ffadd36e000 	C:\WINDOWS\SYSTEM32\POWRPROF.dll
0x00007ffac7f10000 - 0x00007ffac7f1b000 	C:\WINDOWS\SYSTEM32\VERSION.dll
0x00007ffadd2f0000 - 0x00007ffadd304000 	C:\WINDOWS\SYSTEM32\UMPDC.dll
0x00007ffadc250000 - 0x00007ffadc26b000 	C:\WINDOWS\SYSTEM32\kernel.appcore.dll
0x00007ffad7d50000 - 0x00007ffad7d5a000 	c:\Users\user\.vscode\extensions\redhat.java-1.45.0-win32-x64\jre\21.0.8-win32-x86_64\bin\jimage.dll
0x00007ffada530000 - 0x00007ffada772000 	C:\WINDOWS\SYSTEM32\DBGHELP.DLL
0x00007ffade860000 - 0x00007ffadebdb000 	C:\WINDOWS\System32\combase.dll
0x00007ffade310000 - 0x00007ffade3e7000 	C:\WINDOWS\System32\OLEAUT32.dll
0x00007ffada8b0000 - 0x00007ffada8ed000 	C:\WINDOWS\SYSTEM32\dbgcore.DLL
0x00007ffadd4b0000 - 0x00007ffadd549000 	C:\WINDOWS\System32\bcryptPrimitives.dll
0x00007ffad9df0000 - 0x00007ffad9dff000 	c:\Users\user\.vscode\extensions\redhat.java-1.45.0-win32-x64\jre\21.0.8-win32-x86_64\bin\instrument.dll
0x00007ffac55c0000 - 0x00007ffac55df000 	c:\Users\user\.vscode\extensions\redhat.java-1.45.0-win32-x64\jre\21.0.8-win32-x86_64\bin\java.dll
0x00007ffaded40000 - 0x00007ffadf48d000 	C:\WINDOWS\System32\SHELL32.dll
0x00007ffadd610000 - 0x00007ffadd77c000 	C:\WINDOWS\System32\wintypes.dll
0x00007ffadb0d0000 - 0x00007ffadb929000 	C:\WINDOWS\SYSTEM32\windows.storage.dll
0x00007ffae01a0000 - 0x00007ffae0290000 	C:\WINDOWS\System32\SHCORE.dll
0x00007ffade100000 - 0x00007ffade162000 	C:\WINDOWS\System32\shlwapi.dll
0x00007ffadd3d0000 - 0x00007ffadd3f9000 	C:\WINDOWS\SYSTEM32\profapi.dll
0x00007ffac5500000 - 0x00007ffac5518000 	c:\Users\user\.vscode\extensions\redhat.java-1.45.0-win32-x64\jre\21.0.8-win32-x86_64\bin\zip.dll
0x00007ffad7c50000 - 0x00007ffad7c60000 	C:\Users\user\.vscode\extensions\redhat.java-1.45.0-win32-x64\jre\21.0.8-win32-x86_64\bin\net.dll
0x00007ffad5bd0000 - 0x00007ffad5cef000 	C:\WINDOWS\SYSTEM32\WINHTTP.dll
0x00007ffadc7b0000 - 0x00007ffadc81b000 	C:\WINDOWS\system32\mswsock.dll
0x00007ffaccc30000 - 0x00007ffaccc46000 	C:\Users\user\.vscode\extensions\redhat.java-1.45.0-win32-x64\jre\21.0.8-win32-x86_64\bin\nio.dll
0x00007ffad53c0000 - 0x00007ffad53d0000 	c:\Users\user\.vscode\extensions\redhat.java-1.45.0-win32-x64\jre\21.0.8-win32-x86_64\bin\verify.dll
0x00007ffac5680000 - 0x00007ffac56c4000 	C:\Users\user\AppData\Roaming\Code\User\globalStorage\redhat.java\1.45.0\config_win\org.eclipse.equinox.launcher\org.eclipse.equinox.launcher.win32.win32.x86_64_1.2.1400.v20250801-0854\eclipse_11916.dll
0x00007ffade3f0000 - 0x00007ffade588000 	C:\WINDOWS\System32\ole32.dll
0x00007ffadcb80000 - 0x00007ffadcb9b000 	C:\WINDOWS\SYSTEM32\CRYPTSP.dll
0x00007ffadc1b0000 - 0x00007ffadc1eb000 	C:\WINDOWS\system32\rsaenh.dll
0x00007ffadc850000 - 0x00007ffadc87b000 	C:\WINDOWS\SYSTEM32\USERENV.dll
0x00007ffadd3a0000 - 0x00007ffadd3c6000 	C:\WINDOWS\SYSTEM32\bcrypt.dll
0x00007ffadc9e0000 - 0x00007ffadc9ec000 	C:\WINDOWS\SYSTEM32\CRYPTBASE.dll
0x00007ffadbca0000 - 0x00007ffadbcd4000 	C:\WINDOWS\SYSTEM32\IPHLPAPI.DLL
0x00007ffade300000 - 0x00007ffade30a000 	C:\WINDOWS\System32\NSI.dll
0x00007ffab4530000 - 0x00007ffab4579000 	C:\Users\user\AppData\Local\Temp\jna-3599307\jna10487473041250842069.dll
0x00007ffae0060000 - 0x00007ffae0068000 	C:\WINDOWS\System32\PSAPI.DLL
0x00007ffad6ba0000 - 0x00007ffad6bbe000 	C:\WINDOWS\SYSTEM32\dhcpcsvc6.DLL
0x00007ffad6af0000 - 0x00007ffad6b13000 	C:\WINDOWS\SYSTEM32\dhcpcsvc.DLL

JVMTI agents:
c:\Users\user\.vscode\extensions\redhat.java-1.45.0-win32-x64\lombok\lombok-1.18.39-4050.jar path:c:\Users\user\.vscode\extensions\redhat.java-1.45.0-win32-x64\jre\21.0.8-win32-x86_64\bin\instrument.dll, loaded, initialized, instrumentlib options:none

dbghelp: loaded successfully - version: 4.0.5 - missing functions: none
symbol engine: initialized successfully - sym options: 0x614 - pdb path: .;c:\Users\user\.vscode\extensions\redhat.java-1.45.0-win32-x64\jre\21.0.8-win32-x86_64\bin;C:\WINDOWS\SYSTEM32;C:\WINDOWS\WinSxS\amd64_microsoft.windows.common-controls_6595b64144ccf1df_6.0.26100.5074_none_3e0d6f78e32fd63f;c:\Users\user\.vscode\extensions\redhat.java-1.45.0-win32-x64\jre\21.0.8-win32-x86_64\bin\server;C:\Users\user\AppData\Roaming\Code\User\globalStorage\redhat.java\1.45.0\config_win\org.eclipse.equinox.launcher\org.eclipse.equinox.launcher.win32.win32.x86_64_1.2.1400.v20250801-0854;C:\Users\user\AppData\Local\Temp\jna-3599307

VM Arguments:
jvm_args: --add-modules=ALL-SYSTEM --add-opens=java.base/java.util=ALL-UNNAMED --add-opens=java.base/java.lang=ALL-UNNAMED --add-opens=java.base/sun.nio.fs=ALL-UNNAMED -Declipse.application=org.eclipse.jdt.ls.core.id1 -Dosgi.bundles.defaultStartLevel=4 -Declipse.product=org.eclipse.jdt.ls.core.product -Djava.import.generatesMetadataFilesAtProjectRoot=false -DDetectVMInstallationsJob.disabled=true -Dfile.encoding=utf8 -XX:+UseParallelGC -XX:GCTimeRatio=4 -XX:AdaptiveSizePolicyWeight=90 -Dsun.zip.disableMemoryMapping=true -Xmx2G -Xms100m -Xlog:disable -javaagent:c:\Users\user\.vscode\extensions\redhat.java-1.45.0-win32-x64\lombok\lombok-1.18.39-4050.jar -XX:+HeapDumpOnOutOfMemoryError -XX:HeapDumpPath=c:\Users\user\AppData\Roaming\Code\User\workspaceStorage\f630192729894180dd8e0e4f931b27e7\redhat.java -Daether.dependencyCollector.impl=bf 
java_command: c:\Users\user\.vscode\extensions\redhat.java-1.45.0-win32-x64\server\plugins\org.eclipse.equinox.launcher_1.7.0.v20250519-0528.jar -configuration c:\Users\user\AppData\Roaming\Code\User\globalStorage\redhat.java\1.45.0\config_win -data c:\Users\user\AppData\Roaming\Code\User\workspaceStorage\f630192729894180dd8e0e4f931b27e7\redhat.java\jdt_ws --pipe=\\.\pipe\lsp-aa88772cf6a50c069b9e554e8f7bb125-sock
java_class_path (initial): c:\Users\user\.vscode\extensions\redhat.java-1.45.0-win32-x64\server\plugins\org.eclipse.equinox.launcher_1.7.0.v20250519-0528.jar
Launcher Type: SUN_STANDARD

[Global flags]
    uintx AdaptiveSizePolicyWeight                 = 90                                        {product} {command line}
     intx CICompilerCount                          = 12                                        {product} {ergonomic}
    uintx GCTimeRatio                              = 4                                         {product} {command line}
     bool HeapDumpOnOutOfMemoryError               = true                                   {manageable} {command line}
    ccstr HeapDumpPath                             = c:\Users\user\AppData\Roaming\Code\User\workspaceStorage\f630192729894180dd8e0e4f931b27e7\redhat.java         {manageable} {command line}
   size_t InitialHeapSize                          = 104857600                                 {product} {command line}
   size_t MaxHeapSize                              = 2147483648                                {product} {command line}
   size_t MaxNewSize                               = 715653120                                 {product} {ergonomic}
   size_t MinHeapDeltaBytes                        = 524288                                    {product} {ergonomic}
   size_t MinHeapSize                              = 104857600                                 {product} {command line}
   size_t NewSize                                  = 34603008                                  {product} {ergonomic}
    uintx NonNMethodCodeHeapSize                   = 7602480                                {pd product} {ergonomic}
    uintx NonProfiledCodeHeapSize                  = 122027880                              {pd product} {ergonomic}
   size_t OldSize                                  = 70254592                                  {product} {ergonomic}
    uintx ProfiledCodeHeapSize                     = 122027880                              {pd product} {ergonomic}
    uintx ReservedCodeCacheSize                    = 251658240                              {pd product} {ergonomic}
     bool SegmentedCodeCache                       = true                                      {product} {ergonomic}
   size_t SoftMaxHeapSize                          = 2147483648                             {manageable} {ergonomic}
     bool UseCompressedOops                        = true                           {product lp64_product} {ergonomic}
     bool UseLargePagesIndividualAllocation        = false                                  {pd product} {ergonomic}
     bool UseParallelGC                            = true                                      {product} {command line}

Logging:
Log output configuration:
 #0: stdout all=off uptime,level,tags foldmultilines=false
 #1: stderr all=off uptime,level,tags foldmultilines=false

Environment Variables:
PATH=C:\WINDOWS\system32;C:\WINDOWS;C:\WINDOWS\System32\Wbem;C:\WINDOWS\System32\WindowsPowerShell\v1.0\;C:\WINDOWS\System32\OpenSSH\;C:\Program Files\Git\cmd;C:\Program Files\nodejs\;C:\Program Files\Java\jdk-17\bin;C:\Dev-Cpp\bin;C:\ProgramData\ComposerSetup\bin;C:\Users\user\AppData\Local\Packages\PythonSoftwareFoundation.Python.3.12_qbz5n2kfra8p0\LocalCache\local-packages\Python312\Scripts;C:\Program Files\Docker\Docker\resources\bin;C:\Program Files\PostgreSQL\17\bin;C:\Users\user\AppData\Local\Programs\Python\Python313\Scripts\;C:\Users\user\AppData\Local\Programs\Python\Python313\;C:\Users\user\AppData\Local\Programs\Python\Launcher\;C:\Users\user\.cargo\bin;C:\Users\user\AppData\Local\Programs\Eclipse Adoptium\jdk-21.0.6.7-hotspot\bin;C:\Program Files\MySQL\MySQL Shell 8.0\bin\;C:\Users\user\AppData\Local\Microsoft\WindowsApps;C:\Users\user\AppData\Local\Programs\Microsoft VS Code\bin;C:\Program Files (x86)\Nmap;C:\Users\user\AppData\Roaming\npm;C:\Users\user\AppData\Local\GitHubDesktop\bin;C:\xampp\mysql\bin;C:\Users\user\AppData\Local\Programs\cursor\resources\app\bin;C:\xampp\php;C:\Users\user\AppData\Local\ComposerSetup\bin;C:\Users\user\AppData\Roaming\Composer\vendor\bin;
USERNAME=user
OS=Windows_NT
PROCESSOR_IDENTIFIER=Intel64 Family 6 Model 186 Stepping 2, GenuineIntel
TMP=C:\Users\user\AppData\Local\Temp
TEMP=C:\Users\user\AppData\Local\Temp




Periodic native trim disabled

---------------  S Y S T E M  ---------------

OS:
 Windows 11 , 64 bit Build 26100 (10.0.26100.5074)
OS uptime: 1 days 1:00 hours
Hyper-V role detected

CPU: total 20 (initial active 20) (10 cores per cpu, 2 threads per core) family 6 model 186 stepping 2 microcode 0x4121, cx8, cmov, fxsr, ht, mmx, 3dnowpref, sse, sse2, sse3, ssse3, sse4.1, sse4.2, popcnt, lzcnt, tsc, tscinvbit, avx, avx2, aes, erms, clmul, bmi1, bmi2, adx, sha, fma, vzeroupper, clflush, clflushopt, clwb, hv, serialize, rdtscp, rdpid, fsrm, f16c, cet_ibt, cet_ss
Processor Information for processor 0
  Max Mhz: 2400, Current Mhz: 2400, Mhz Limit: 2400
Processor Information for processor 1
  Max Mhz: 2400, Current Mhz: 2400, Mhz Limit: 2400
Processor Information for processor 2
  Max Mhz: 2400, Current Mhz: 2400, Mhz Limit: 2400
Processor Information for processor 3
  Max Mhz: 2400, Current Mhz: 2400, Mhz Limit: 2400
Processor Information for processor 4
  Max Mhz: 2400, Current Mhz: 2400, Mhz Limit: 2400
Processor Information for processor 5
  Max Mhz: 2400, Current Mhz: 2400, Mhz Limit: 2400
Processor Information for processor 6
  Max Mhz: 2400, Current Mhz: 2400, Mhz Limit: 2400
Processor Information for processor 7
  Max Mhz: 2400, Current Mhz: 2400, Mhz Limit: 2400
Processor Information for processor 8
  Max Mhz: 2400, Current Mhz: 2400, Mhz Limit: 2400
Processor Information for processor 9
  Max Mhz: 2400, Current Mhz: 2400, Mhz Limit: 2400
Processor Information for processor 10
  Max Mhz: 2400, Current Mhz: 2400, Mhz Limit: 2400
Processor Information for processor 11
  Max Mhz: 2400, Current Mhz: 2400, Mhz Limit: 2400
Processor Information for processor 12
  Max Mhz: 2400, Current Mhz: 1800, Mhz Limit: 1800
Processor Information for processor 13
  Max Mhz: 2400, Current Mhz: 1800, Mhz Limit: 1800
Processor Information for processor 14
  Max Mhz: 2400, Current Mhz: 1500, Mhz Limit: 1800
Processor Information for processor 15
  Max Mhz: 2400, Current Mhz: 1500, Mhz Limit: 1800
Processor Information for processor 16
  Max Mhz: 2400, Current Mhz: 1500, Mhz Limit: 1800
Processor Information for processor 17
  Max Mhz: 2400, Current Mhz: 1500, Mhz Limit: 1800
Processor Information for processor 18
  Max Mhz: 2400, Current Mhz: 1500, Mhz Limit: 1800
Processor Information for processor 19
  Max Mhz: 2400, Current Mhz: 1500, Mhz Limit: 1800

Memory: 4k page, system-wide physical 7709M (465M free)
TotalPageFile size 31261M (AvailPageFile size 30M)
current process WorkingSet (physical memory assigned to process): 570M, peak: 850M
current process commit charge ("private bytes"): 1487M, peak: 1790M

vm_info: OpenJDK 64-Bit Server VM (21.0.8+9-LTS) for windows-amd64 JRE (21.0.8+9-LTS), built on 2025-07-15T00:00:00Z by "admin" with MS VC++ 17.7 (VS2022)

END.
