#
# There is insufficient memory for the Java Runtime Environment to continue.
# Native memory allocation (malloc) failed to allocate 1048576 bytes. Error detail: AllocateHeap
# Possible reasons:
#   The system is out of physical RAM or swap space
#   This process is running with CompressedOops enabled, and the Java Heap may be blocking the growth of the native heap
# Possible solutions:
#   Reduce memory load on the system
#   Increase physical memory or swap space
#   Check if swap backing store is full
#   Decrease Java heap size (-Xmx/-Xms)
#   Decrease number of Java threads
#   Decrease Java thread stack sizes (-Xss)
#   Set larger code cache with -XX:ReservedCodeCacheSize=
#   JVM is running with Unscaled Compressed Oops mode in which the Java heap is
#     placed in the first 4GB address space. The Java Heap base address is the
#     maximum limit for the native heap growth. Please use -XX:HeapBaseMinAddress
#     to set the Java Heap base and to place the Java Heap above 4GB virtual address.
# This output file may be truncated or incomplete.
#
#  Out of Memory Error (allocation.cpp:44), pid=29060, tid=16460
#
# JRE version: OpenJDK Runtime Environment Temurin-21.0.9+10 (21.0.9+10) (build 21.0.9+10-LTS)
# Java VM: OpenJDK 64-Bit Server VM Temurin-21.0.9+10 (21.0.9+10-LTS, mixed mode, sharing, tiered, compressed oops, compressed class ptrs, parallel gc, windows-amd64)
# No core dump will be written. Minidumps are not enabled by default on client versions of Windows
#

---------------  S U M M A R Y ------------

Command Line: --add-modules=ALL-SYSTEM --add-opens=java.base/java.util=ALL-UNNAMED --add-opens=java.base/java.lang=ALL-UNNAMED --add-opens=java.base/sun.nio.fs=ALL-UNNAMED -Declipse.application=org.eclipse.jdt.ls.core.id1 -Dosgi.bundles.defaultStartLevel=4 -Declipse.product=org.eclipse.jdt.ls.core.product -Djava.import.generatesMetadataFilesAtProjectRoot=false -DDetectVMInstallationsJob.disabled=true -Dfile.encoding=utf8 -XX:+UseParallelGC -XX:GCTimeRatio=4 -XX:AdaptiveSizePolicyWeight=90 -Dsun.zip.disableMemoryMapping=true -Xmx2G -Xms100m -Xlog:disable -javaagent:c:\Users\user\.vscode\extensions\redhat.java-1.49.0-win32-x64\lombok\lombok-1.18.39-4050.jar -XX:+HeapDumpOnOutOfMemoryError -XX:HeapDumpPath=c:\Users\user\AppData\Roaming\Code\User\workspaceStorage\f630192729894180dd8e0e4f931b27e7\redhat.java -Daether.dependencyCollector.impl=bf c:\Users\user\.vscode\extensions\redhat.java-1.49.0-win32-x64\server\plugins\org.eclipse.equinox.launcher_1.7.100.v20251111-0406.jar -configuration c:\Users\user\AppData\Roaming\Code\User\globalStorage\redhat.java\1.49.0\config_win -data c:\Users\user\AppData\Roaming\Code\User\workspaceStorage\f630192729894180dd8e0e4f931b27e7\redhat.java\jdt_ws --pipe=\\.\pipe\lsp-1dd5535282c517fb30db1e4cf39d2a4c-sock

Host: 13th Gen Intel(R) Core(TM) i7-13700H, 20 cores, 7G,  Windows 11 , 64 bit Build 26100 (10.0.26100.6725)
Time: Fri Nov 21 15:36:46 2025 South Africa Standard Time elapsed time: 7040.663635 seconds (0d 1h 57m 20s)

---------------  T H R E A D  ---------------

Current thread (0x000001cb69075580):  JavaThread "Attach Listener" daemon [_thread_in_vm, id=16460, stack(0x0000003ac0600000,0x0000003ac0700000) (1024K)]

Stack: [0x0000003ac0600000,0x0000003ac0700000]
Native frames: (J=compiled Java code, j=interpreted, Vv=VM code, C=native code)
V  [jvm.dll+0x6d6e29]
V  [jvm.dll+0x8b4b76]
V  [jvm.dll+0x8b712e]
V  [jvm.dll+0x8b7813]
V  [jvm.dll+0x283d86]
V  [jvm.dll+0xc1277]
V  [jvm.dll+0x6d76d9]
V  [jvm.dll+0x133466]
V  [jvm.dll+0x3f7ea6]
V  [jvm.dll+0x85e9ad]
V  [jvm.dll+0x6d565d]
C  [ucrtbase.dll+0x37b0]
C  [KERNEL32.DLL+0x2e8d7]
C  [ntdll.dll+0x8c53c]


---------------  P R O C E S S  ---------------

Threads class SMR info:
_java_thread_list=0x000001cb710b4730, length=94, elements={
0x000001cb50362610, 0x000001cb69069370, 0x000001cb5293c320, 0x000001cb69072e20,
0x000001cb69075580, 0x000001cb69075c10, 0x000001cb69074860, 0x000001cb6a58cc50,
0x000001cb6a592290, 0x000001cb690762a0, 0x000001cb690734b0, 0x000001cb69074ef0,
0x000001cb69073b40, 0x000001cb690741d0, 0x000001cb6c61d480, 0x000001cb6c61c0d0,
0x000001cb6c61ad20, 0x000001cb6c61ba40, 0x000001cb6c61cdf0, 0x000001cb6c61e830,
0x000001cb6c620270, 0x000001cb6c61f550, 0x000001cb6c61fbe0, 0x000001cb6c620900,
0x000001cb6c61eec0, 0x000001cb6c620f90, 0x000001cb6c621cb0, 0x000001cb6c622340,
0x000001cb745f7810, 0x000001cb745f9250, 0x000001cb745f8bc0, 0x000001cb745fa600,
0x000001cb745f7ea0, 0x000001cb745f98e0, 0x000001cb745fb9b0, 0x000001cb745fac90,
0x000001cb745fb320, 0x000001cb745f9f70, 0x000001cb745f8530, 0x000001cb745fc040,
0x000001cb745fe110, 0x000001cb745fd3f0, 0x000001cb745fda80, 0x000001cb745fe7a0,
0x000001cb747922e0, 0x000001cb760dca70, 0x000001cb7236fef0, 0x000001cb74790210,
0x000001cb760dc3e0, 0x000001cb72374090, 0x000001cb72371930, 0x000001cb72371fc0,
0x000001cb72372650, 0x000001cb7236eb40, 0x000001cb72370c10, 0x000001cb7236de20,
0x000001cb747908a0, 0x000001cb74793000, 0x000001cb7478fb80, 0x000001cb74793d20,
0x000001cb74792970, 0x000001cb74793690, 0x000001cb747943b0, 0x000001cb74791c50,
0x000001cb74796480, 0x000001cb74794a40, 0x000001cb74796b10, 0x000001cb747971a0,
0x000001cb74795df0, 0x000001cb7300f350, 0x000001cb73012140, 0x000001cb73013b80,
0x000001cb73010700, 0x000001cb73014210, 0x000001cb760d6800, 0x000001cb760db030,
0x000001cb760db6c0, 0x000001cb741ab680, 0x000001cb741af820, 0x000001cb741b1260,
0x000001cb741ad750, 0x000001cb741aaff0, 0x000001cb741aca30, 0x000001cb741ad0c0,
0x000001cb741aa960, 0x000001cb741b18f0, 0x000001cb741b1f80, 0x000001cb741af190,
0x000001cb741b0bd0, 0x000001cb73010d90, 0x000001cb7300e630, 0x000001cb7300dfa0,
0x000001cb730148a0, 0x000001cb730155c0
}

Java Threads: ( => current thread )
  0x000001cb50362610 JavaThread "main"                              [_thread_blocked, id=28984, stack(0x0000003abff00000,0x0000003ac0000000) (1024K)]
  0x000001cb69069370 JavaThread "Reference Handler"          daemon [_thread_blocked, id=24344, stack(0x0000003ac0300000,0x0000003ac0400000) (1024K)]
  0x000001cb5293c320 JavaThread "Finalizer"                  daemon [_thread_blocked, id=29196, stack(0x0000003ac0400000,0x0000003ac0500000) (1024K)]
  0x000001cb69072e20 JavaThread "Signal Dispatcher"          daemon [_thread_blocked, id=38520, stack(0x0000003ac0500000,0x0000003ac0600000) (1024K)]
=>0x000001cb69075580 JavaThread "Attach Listener"            daemon [_thread_in_vm, id=16460, stack(0x0000003ac0600000,0x0000003ac0700000) (1024K)]
  0x000001cb69075c10 JavaThread "Service Thread"             daemon [_thread_blocked, id=12432, stack(0x0000003ac0700000,0x0000003ac0800000) (1024K)]
  0x000001cb69074860 JavaThread "Monitor Deflation Thread"   daemon [_thread_blocked, id=19308, stack(0x0000003ac0800000,0x0000003ac0900000) (1024K)]
  0x000001cb6a58cc50 JavaThread "C2 CompilerThread0"         daemon [_thread_blocked, id=23748, stack(0x0000003ac0900000,0x0000003ac0a00000) (1024K)]
  0x000001cb6a592290 JavaThread "C1 CompilerThread0"         daemon [_thread_blocked, id=34728, stack(0x0000003ac0a00000,0x0000003ac0b00000) (1024K)]
  0x000001cb690762a0 JavaThread "Common-Cleaner"             daemon [_thread_blocked, id=39064, stack(0x0000003ac0d00000,0x0000003ac0e00000) (1024K)]
  0x000001cb690734b0 JavaThread "Notification Thread"        daemon [_thread_blocked, id=5752, stack(0x0000003ac0f00000,0x0000003ac1000000) (1024K)]
  0x000001cb69074ef0 JavaThread "Active Thread: Equinox Container: 2abdf8b7-2ff5-4be2-adac-1f9866948dbb"        [_thread_blocked, id=25284, stack(0x0000003ac1700000,0x0000003ac1800000) (1024K)]
  0x000001cb69073b40 JavaThread "Refresh Thread: Equinox Container: 2abdf8b7-2ff5-4be2-adac-1f9866948dbb" daemon [_thread_blocked, id=31452, stack(0x0000003ac0b00000,0x0000003ac0c00000) (1024K)]
  0x000001cb690741d0 JavaThread "Framework Event Dispatcher: Equinox Container: 2abdf8b7-2ff5-4be2-adac-1f9866948dbb" daemon [_thread_blocked, id=20400, stack(0x0000003ac0c00000,0x0000003ac0d00000) (1024K)]
  0x000001cb6c61d480 JavaThread "Start Level: Equinox Container: 2abdf8b7-2ff5-4be2-adac-1f9866948dbb" daemon [_thread_blocked, id=23012, stack(0x0000003ac0e00000,0x0000003ac0f00000) (1024K)]
  0x000001cb6c61c0d0 JavaThread "Bundle File Closer"         daemon [_thread_blocked, id=36032, stack(0x0000003ac1e00000,0x0000003ac1f00000) (1024K)]
  0x000001cb6c61ad20 JavaThread "SCR Component Actor"        daemon [_thread_blocked, id=17896, stack(0x0000003ac1b00000,0x0000003ac1c00000) (1024K)]
  0x000001cb6c61ba40 JavaThread "Worker-JM"                         [_thread_blocked, id=33616, stack(0x0000003ac1c00000,0x0000003ac1d00000) (1024K)]
  0x000001cb6c61cdf0 JavaThread "JNA Cleaner"                daemon [_thread_blocked, id=31876, stack(0x0000003abfc00000,0x0000003abfd00000) (1024K)]
  0x000001cb6c61e830 JavaThread "Java indexing"              daemon [_thread_blocked, id=34764, stack(0x0000003ac2700000,0x0000003ac2800000) (1024K)]
  0x000001cb6c620270 JavaThread "Thread-1"                   daemon [_thread_in_native, id=25188, stack(0x0000003ac2c00000,0x0000003ac2d00000) (1024K)]
  0x000001cb6c61f550 JavaThread "Thread-2"                   daemon [_thread_in_native, id=38232, stack(0x0000003ac2d00000,0x0000003ac2e00000) (1024K)]
  0x000001cb6c61fbe0 JavaThread "Thread-3"                   daemon [_thread_in_native, id=39796, stack(0x0000003ac2e00000,0x0000003ac2f00000) (1024K)]
  0x000001cb6c620900 JavaThread "Thread-4"                   daemon [_thread_in_native, id=36636, stack(0x0000003ac2f00000,0x0000003ac3000000) (1024K)]
  0x000001cb6c61eec0 JavaThread "Thread-5"                   daemon [_thread_in_native, id=18060, stack(0x0000003ac3000000,0x0000003ac3100000) (1024K)]
  0x000001cb6c620f90 JavaThread "Thread-6"                   daemon [_thread_in_native, id=27480, stack(0x0000003ac3100000,0x0000003ac3200000) (1024K)]
  0x000001cb6c621cb0 JavaThread "Thread-7"                   daemon [_thread_in_native, id=35760, stack(0x0000003ac3200000,0x0000003ac3300000) (1024K)]
  0x000001cb6c622340 JavaThread "Thread-8"                   daemon [_thread_in_native, id=6688, stack(0x0000003ac3300000,0x0000003ac3400000) (1024K)]
  0x000001cb745f7810 JavaThread "Thread-9"                   daemon [_thread_in_native, id=34624, stack(0x0000003ac3400000,0x0000003ac3500000) (1024K)]
  0x000001cb745f9250 JavaThread "Thread-10"                  daemon [_thread_in_native, id=35632, stack(0x0000003ac3500000,0x0000003ac3600000) (1024K)]
  0x000001cb745f8bc0 JavaThread "Thread-11"                  daemon [_thread_in_native, id=29348, stack(0x0000003ac3600000,0x0000003ac3700000) (1024K)]
  0x000001cb745fa600 JavaThread "Thread-12"                  daemon [_thread_in_native, id=23260, stack(0x0000003ac3700000,0x0000003ac3800000) (1024K)]
  0x000001cb745f7ea0 JavaThread "Thread-13"                  daemon [_thread_in_native, id=28216, stack(0x0000003ac3800000,0x0000003ac3900000) (1024K)]
  0x000001cb745f98e0 JavaThread "Thread-14"                  daemon [_thread_in_native, id=22964, stack(0x0000003ac3900000,0x0000003ac3a00000) (1024K)]
  0x000001cb745fb9b0 JavaThread "Thread-15"                  daemon [_thread_in_native, id=35896, stack(0x0000003ac3a00000,0x0000003ac3b00000) (1024K)]
  0x000001cb745fac90 JavaThread "Thread-16"                  daemon [_thread_in_native, id=18972, stack(0x0000003ac3b00000,0x0000003ac3c00000) (1024K)]
  0x000001cb745fb320 JavaThread "Thread-17"                  daemon [_thread_in_native, id=23788, stack(0x0000003ac3c00000,0x0000003ac3d00000) (1024K)]
  0x000001cb745f9f70 JavaThread "Thread-18"                  daemon [_thread_in_native, id=35220, stack(0x0000003ac3d00000,0x0000003ac3e00000) (1024K)]
  0x000001cb745f8530 JavaThread "Thread-19"                  daemon [_thread_in_native, id=30076, stack(0x0000003ac3e00000,0x0000003ac3f00000) (1024K)]
  0x000001cb745fc040 JavaThread "Thread-20"                  daemon [_thread_in_native, id=17528, stack(0x0000003ac3f00000,0x0000003ac4000000) (1024K)]
  0x000001cb745fe110 JavaThread "Thread-21"                  daemon [_thread_in_native, id=19948, stack(0x0000003ac4000000,0x0000003ac4100000) (1024K)]
  0x000001cb745fd3f0 JavaThread "pool-2-thread-1"                   [_thread_blocked, id=14492, stack(0x0000003ac4100000,0x0000003ac4200000) (1024K)]
  0x000001cb745fda80 JavaThread "WorkspaceEventsHandler"            [_thread_blocked, id=33832, stack(0x0000003ac4200000,0x0000003ac4300000) (1024K)]
  0x000001cb745fe7a0 JavaThread "pool-1-thread-1"                   [_thread_blocked, id=39852, stack(0x0000003ac4300000,0x0000003ac4400000) (1024K)]
  0x000001cb747922e0 JavaThread "ForkJoinPool.commonPool-worker-5" daemon [_thread_blocked, id=25448, stack(0x0000003ac4700000,0x0000003ac4800000) (1024K)]
  0x000001cb760dca70 JavaThread "Cleaner-0"                  daemon [_thread_blocked, id=13692, stack(0x0000003ac9200000,0x0000003ac9300000) (1024K)]
  0x000001cb7236fef0 JavaThread "ForkJoinPool.commonPool-worker-21" daemon [_thread_blocked, id=852, stack(0x0000003ac2400000,0x0000003ac2500000) (1024K)]
  0x000001cb74790210 JavaThread "ForkJoinPool.commonPool-worker-36" daemon [_thread_blocked, id=15660, stack(0x0000003ac4800000,0x0000003ac4900000) (1024K)]
  0x000001cb760dc3e0 JavaThread "ForkJoinPool.commonPool-worker-41" daemon [_thread_blocked, id=26480, stack(0x0000003ac6200000,0x0000003ac6300000) (1024K)]
  0x000001cb72374090 JavaThread "ForkJoinPool.commonPool-worker-42" daemon [_thread_blocked, id=33120, stack(0x0000003ac2a00000,0x0000003ac2b00000) (1024K)]
  0x000001cb72371930 JavaThread "Compiler Source File Reader" daemon [_thread_blocked, id=26256, stack(0x0000003ac2b00000,0x0000003ac2c00000) (1024K)]
  0x000001cb72371fc0 JavaThread "Compiler Source File Reader" daemon [_thread_blocked, id=1884, stack(0x0000003ac4500000,0x0000003ac4600000) (1024K)]
  0x000001cb72372650 JavaThread "Compiler Source File Reader" daemon [_thread_blocked, id=37320, stack(0x0000003ac4600000,0x0000003ac4700000) (1024K)]
  0x000001cb7236eb40 JavaThread "ForkJoinPool.commonPool-worker-43" daemon [_thread_blocked, id=9176, stack(0x0000003ac2000000,0x0000003ac2100000) (1024K)]
  0x000001cb72370c10 JavaThread "ForkJoinPool.commonPool-worker-44" daemon [_thread_blocked, id=24368, stack(0x0000003ac2100000,0x0000003ac2200000) (1024K)]
  0x000001cb7236de20 JavaThread "ForkJoinPool.commonPool-worker-45" daemon [_thread_blocked, id=24056, stack(0x0000003ac2600000,0x0000003ac2700000) (1024K)]
  0x000001cb747908a0 JavaThread "Worker-58"                         [_thread_blocked, id=40044, stack(0x0000003ac4d00000,0x0000003ac4e00000) (1024K)]
  0x000001cb74793000 JavaThread "Compiler Source File Reader" daemon [_thread_blocked, id=29656, stack(0x0000003ac4a00000,0x0000003ac4b00000) (1024K)]
  0x000001cb7478fb80 JavaThread "Compiler Source File Reader" daemon [_thread_blocked, id=8528, stack(0x0000003ac4e00000,0x0000003ac4f00000) (1024K)]
  0x000001cb74793d20 JavaThread "Compiler Source File Reader" daemon [_thread_blocked, id=31588, stack(0x0000003ac4f00000,0x0000003ac5000000) (1024K)]
  0x000001cb74792970 JavaThread "Compiler Source File Reader" daemon [_thread_blocked, id=21980, stack(0x0000003ac5000000,0x0000003ac5100000) (1024K)]
  0x000001cb74793690 JavaThread "Compiler Source File Reader" daemon [_thread_blocked, id=18276, stack(0x0000003ac5100000,0x0000003ac5200000) (1024K)]
  0x000001cb747943b0 JavaThread "Compiler Source File Reader" daemon [_thread_blocked, id=14688, stack(0x0000003ac5200000,0x0000003ac5300000) (1024K)]
  0x000001cb74791c50 JavaThread "ForkJoinPool.commonPool-worker-49" daemon [_thread_blocked, id=18684, stack(0x0000003ac5400000,0x0000003ac5500000) (1024K)]
  0x000001cb74796480 JavaThread "ForkJoinPool.commonPool-worker-46" daemon [_thread_blocked, id=37160, stack(0x0000003ac5500000,0x0000003ac5600000) (1024K)]
  0x000001cb74794a40 JavaThread "ForkJoinPool.commonPool-worker-47" daemon [_thread_blocked, id=38644, stack(0x0000003ac5600000,0x0000003ac5700000) (1024K)]
  0x000001cb74796b10 JavaThread "ForkJoinPool.commonPool-worker-48" daemon [_thread_blocked, id=33348, stack(0x0000003ac5700000,0x0000003ac5800000) (1024K)]
  0x000001cb747971a0 JavaThread "ForkJoinPool.commonPool-worker-50" daemon [_thread_blocked, id=35236, stack(0x0000003ac5800000,0x0000003ac5900000) (1024K)]
  0x000001cb74795df0 JavaThread "Compiler Source File Reader" daemon [_thread_blocked, id=20316, stack(0x0000003ac5900000,0x0000003ac5a00000) (1024K)]
  0x000001cb7300f350 JavaThread "LocalFile Deleter"          daemon [_thread_blocked, id=40924, stack(0x0000003ac5b00000,0x0000003ac5c00000) (1024K)]
  0x000001cb73012140 JavaThread "LocalFile Deleter"          daemon [_thread_blocked, id=9220, stack(0x0000003ac5d00000,0x0000003ac5e00000) (1024K)]
  0x000001cb73013b80 JavaThread "LocalFile Deleter"          daemon [_thread_blocked, id=24708, stack(0x0000003ac6400000,0x0000003ac6500000) (1024K)]
  0x000001cb73010700 JavaThread "LocalFile Deleter"          daemon [_thread_blocked, id=31108, stack(0x0000003ac6500000,0x0000003ac6600000) (1024K)]
  0x000001cb73014210 JavaThread "LocalFile Deleter"          daemon [_thread_blocked, id=33680, stack(0x0000003ac6600000,0x0000003ac6700000) (1024K)]
  0x000001cb760d6800 JavaThread "ForkJoinPool.commonPool-worker-51" daemon [_thread_blocked, id=22688, stack(0x0000003ac7100000,0x0000003ac7200000) (1024K)]
  0x000001cb760db030 JavaThread "ForkJoinPool.commonPool-worker-52" daemon [_thread_blocked, id=11716, stack(0x0000003ac7200000,0x0000003ac7300000) (1024K)]
  0x000001cb760db6c0 JavaThread "ForkJoinPool.commonPool-worker-53" daemon [_thread_blocked, id=38008, stack(0x0000003ac7300000,0x0000003ac7400000) (1024K)]
  0x000001cb741ab680 JavaThread "ForkJoinPool.commonPool-worker-55" daemon [_thread_blocked, id=39640, stack(0x0000003ac4c00000,0x0000003ac4d00000) (1024K)]
  0x000001cb741af820 JavaThread "ForkJoinPool.commonPool-worker-54" daemon [_thread_blocked, id=17072, stack(0x0000003ac5e00000,0x0000003ac5f00000) (1024K)]
  0x000001cb741b1260 JavaThread "ForkJoinPool.commonPool-worker-56" daemon [_thread_blocked, id=25256, stack(0x0000003ac6100000,0x0000003ac6200000) (1024K)]
  0x000001cb741ad750 JavaThread "Compiler Source File Reader" daemon [_thread_blocked, id=22088, stack(0x0000003ac2200000,0x0000003ac2300000) (1024K)]
  0x000001cb741aaff0 JavaThread "Compiler Source File Reader" daemon [_thread_blocked, id=27468, stack(0x0000003ac4400000,0x0000003ac4500000) (1024K)]
  0x000001cb741aca30 JavaThread "Compiler Source File Reader" daemon [_thread_blocked, id=39660, stack(0x0000003ac4900000,0x0000003ac4a00000) (1024K)]
  0x000001cb741ad0c0 JavaThread "Compiler Source File Reader" daemon [_thread_blocked, id=35480, stack(0x0000003ac5300000,0x0000003ac5400000) (1024K)]
  0x000001cb741aa960 JavaThread "Compiler Source File Reader" daemon [_thread_blocked, id=5640, stack(0x0000003ac4b00000,0x0000003ac4c00000) (1024K)]
  0x000001cb741b18f0 JavaThread "Worker-60"                         [_thread_blocked, id=16340, stack(0x0000003ac5c00000,0x0000003ac5d00000) (1024K)]
  0x000001cb741b1f80 JavaThread "LocalFile Deleter"          daemon [_thread_blocked, id=18956, stack(0x0000003ac6000000,0x0000003ac6100000) (1024K)]
  0x000001cb741af190 JavaThread "LocalFile Deleter"          daemon [_thread_blocked, id=24572, stack(0x0000003ac6300000,0x0000003ac6400000) (1024K)]
  0x000001cb741b0bd0 JavaThread "LocalFile Deleter"          daemon [_thread_blocked, id=8064, stack(0x0000003ac6800000,0x0000003ac6900000) (1024K)]
  0x000001cb73010d90 JavaThread "LocalFile Deleter"          daemon [_thread_blocked, id=18096, stack(0x0000003ac6900000,0x0000003ac6a00000) (1024K)]
  0x000001cb7300e630 JavaThread "LocalFile Deleter"          daemon [_thread_blocked, id=25308, stack(0x0000003ac6b00000,0x0000003ac6c00000) (1024K)]
  0x000001cb7300dfa0 JavaThread "LocalFile Deleter"          daemon [_thread_blocked, id=20284, stack(0x0000003ac6c00000,0x0000003ac6d00000) (1024K)]
  0x000001cb730148a0 JavaThread "LocalFile Deleter"          daemon [_thread_blocked, id=39904, stack(0x0000003ac6d00000,0x0000003ac6e00000) (1024K)]
  0x000001cb730155c0 JavaThread "LocalFile Deleter"          daemon [_thread_blocked, id=39376, stack(0x0000003ac7500000,0x0000003ac7600000) (1024K)]
Total: 94

Other Threads:
  0x000001cb69064140 VMThread "VM Thread"                           [id=18004, stack(0x0000003ac0200000,0x0000003ac0300000) (1024K)]
  0x000001cb68f5ca00 WatcherThread "VM Periodic Task Thread"        [id=37836, stack(0x0000003ac0100000,0x0000003ac0200000) (1024K)]
  0x000001cb5289fa10 WorkerThread "GC Thread#0"                     [id=40944, stack(0x0000003ac0000000,0x0000003ac0100000) (1024K)]
  0x000001cb6c5815a0 WorkerThread "GC Thread#1"                     [id=12956, stack(0x0000003ac1100000,0x0000003ac1200000) (1024K)]
  0x000001cb6c665850 WorkerThread "GC Thread#2"                     [id=26772, stack(0x0000003ac1200000,0x0000003ac1300000) (1024K)]
  0x000001cb6c65a800 WorkerThread "GC Thread#3"                     [id=33732, stack(0x0000003ac1300000,0x0000003ac1400000) (1024K)]
  0x000001cb6c65aba0 WorkerThread "GC Thread#4"                     [id=21388, stack(0x0000003ac1400000,0x0000003ac1500000) (1024K)]
  0x000001cb6c65efc0 WorkerThread "GC Thread#5"                     [id=20876, stack(0x0000003ac1500000,0x0000003ac1600000) (1024K)]
  0x000001cb6c65f360 WorkerThread "GC Thread#6"                     [id=8668, stack(0x0000003ac1600000,0x0000003ac1700000) (1024K)]
  0x000001cb712855b0 WorkerThread "GC Thread#7"                     [id=3900, stack(0x0000003ac1800000,0x0000003ac1900000) (1024K)]
  0x000001cb6a7c0d50 WorkerThread "GC Thread#8"                     [id=5160, stack(0x0000003ac1000000,0x0000003ac1100000) (1024K)]
  0x000001cb6a7bfed0 WorkerThread "GC Thread#9"                     [id=13320, stack(0x0000003ac1900000,0x0000003ac1a00000) (1024K)]
  0x000001cb6a7c10f0 WorkerThread "GC Thread#10"                    [id=20144, stack(0x0000003ac1a00000,0x0000003ac1b00000) (1024K)]
  0x000001cb6a7c1490 WorkerThread "GC Thread#11"                    [id=32868, stack(0x0000003abfd00000,0x0000003abfe00000) (1024K)]
  0x000001cb6a7bfb30 WorkerThread "GC Thread#12"                    [id=30828, stack(0x0000003abfe00000,0x0000003abff00000) (1024K)]
  0x000001cb6a7c0270 WorkerThread "GC Thread#13"                    [id=17912, stack(0x0000003ac1d00000,0x0000003ac1e00000) (1024K)]
  0x000001cb6a7c09b0 WorkerThread "GC Thread#14"                    [id=20768, stack(0x0000003ac1f00000,0x0000003ac2000000) (1024K)]
Total: 17

Threads with active compile tasks:
Total: 0

VM state: not at safepoint (normal execution)

VM Mutex/Monitor currently owned by a thread: None

Heap address: 0x0000000080000000, size: 2048 MB, Compressed Oops mode: 32-bit

CDS archive(s) mapped at: [0x000001cb00000000-0x000001cb00ba0000-0x000001cb00ba0000), size 12189696, SharedBaseAddress: 0x000001cb00000000, ArchiveRelocationMode: 1.
Compressed class space mapped at: 0x000001cb01000000-0x000001cb41000000, reserved size: 1073741824
Narrow klass base: 0x000001cb00000000, Narrow klass shift: 0, Narrow klass range: 0x100000000

GC Precious Log:
 CardTable entry size: 512
 CPUs: 20 total, 20 available
 Memory: 7709M
 Large Page Support: Disabled
 NUMA Support: Disabled
 Compressed Oops: Enabled (32-bit)
 Alignments: Space 512K, Generation 512K, Heap 2M
 Heap Min Capacity: 100M
 Heap Initial Capacity: 100M
 Heap Max Capacity: 2G
 Pre-touch: Disabled
 Parallel Workers: 15

Heap:
 PSYoungGen      total 6144K, used 1283K [0x00000000d5580000, 0x00000000d6280000, 0x0000000100000000)
  eden space 5120K, 8% used [0x00000000d5580000,0x00000000d55e8ea8,0x00000000d5a80000)
  from space 1024K, 84% used [0x00000000d5a80000,0x00000000d5b58000,0x00000000d5b80000)
  to   space 3072K, 0% used [0x00000000d5f80000,0x00000000d5f80000,0x00000000d6280000)
 ParOldGen       total 1204224K, used 1203835K [0x0000000080000000, 0x00000000c9800000, 0x00000000d5580000)
  object space 1204224K, 99% used [0x0000000080000000,0x00000000c979ee40,0x00000000c9800000)
 Metaspace       used 95928K, committed 97600K, reserved 1179648K
  class space    used 9138K, committed 9984K, reserved 1048576K

Card table byte_map: [0x000001cb52130000,0x000001cb52540000] _byte_map_base: 0x000001cb51d30000

Marking Bits: (ParMarkBitMap*) 0x00007ffd67482460
 Begin Bits: [0x000001cb64a80000, 0x000001cb66a80000)
 End Bits:   [0x000001cb66a80000, 0x000001cb68a80000)

Polling page: 0x000001cb50610000

Metaspace:

Usage:
  Non-class:     84.76 MB used.
      Class:      8.92 MB used.
       Both:     93.68 MB used.

Virtual space:
  Non-class space:      128.00 MB reserved,      85.56 MB ( 67%) committed,  2 nodes.
      Class space:        1.00 GB reserved,       9.75 MB ( <1%) committed,  1 nodes.
             Both:        1.12 GB reserved,      95.31 MB (  8%) committed. 

Chunk freelists:
   Non-Class:  10.28 MB
       Class:  6.11 MB
        Both:  16.40 MB

MaxMetaspaceSize: unlimited
CompressedClassSpaceSize: 1.00 GB
Initial GC threshold: 21.00 MB
Current GC threshold: 158.56 MB
CDS: on
 - commit_granule_bytes: 65536.
 - commit_granule_words: 8192.
 - virtual_space_node_default_size: 8388608.
 - enlarge_chunks_in_place: 1.
 - use_allocation_guard: 0.


Internal statistics:

num_allocs_failed_limit: 9.
num_arena_births: 2090.
num_arena_deaths: 452.
num_vsnodes_births: 3.
num_vsnodes_deaths: 0.
num_space_committed: 1525.
num_space_uncommitted: 0.
num_chunks_returned_to_freelist: 541.
num_chunks_taken_from_freelist: 7328.
num_chunk_merges: 145.
num_chunk_splits: 4046.
num_chunks_enlarged: 1927.
num_inconsistent_stats: 0.

CodeHeap 'non-profiled nmethods': size=119168Kb used=27515Kb max_used=28723Kb free=91652Kb
 bounds [0x000001cb5d620000, 0x000001cb5f250000, 0x000001cb64a80000]
CodeHeap 'profiled nmethods': size=119104Kb used=34605Kb max_used=52448Kb free=84498Kb
 bounds [0x000001cb55a80000, 0x000001cb58df0000, 0x000001cb5ced0000]
CodeHeap 'non-nmethods': size=7488Kb used=1518Kb max_used=3269Kb free=5969Kb
 bounds [0x000001cb5ced0000, 0x000001cb5d2d0000, 0x000001cb5d620000]
CodeCache: size=245760Kb, used=63638Kb, max_used=84440Kb, free=182119Kb
 total_blobs=15559, nmethods=14723, adapters=734, full_count=0
Compilation: enabled, stopped_count=0, restarted_count=0

Compilation events (20 events):
Event: 6884.025 Thread 0x000001cb6a58cc50 35458       4       org.eclipse.jdt.core.dom.VariableDeclarationStatement::setType (41 bytes)
Event: 6884.051 Thread 0x000001cb6a58cc50 nmethod 35458 0x000001cb5e730c10 code [0x000001cb5e730e80, 0x000001cb5e731f20]
Event: 6890.435 Thread 0x000001cb6a58cc50 35459       4       org.eclipse.core.runtime.SubMonitor::convert (8 bytes)
Event: 6890.467 Thread 0x000001cb6a58cc50 nmethod 35459 0x000001cb5e027f10 code [0x000001cb5e028100, 0x000001cb5e028618]
Event: 6960.965 Thread 0x000001cb6a592290 35460   !   3       org.eclipse.jdt.core.manipulation.internal.javadoc.CoreJavadocAccess::javadoc2HTML (185 bytes)
Event: 6961.033 Thread 0x000001cb6a592290 nmethod 35460 0x000001cb57ee3f10 code [0x000001cb57ee4220, 0x000001cb57ee50e0]
Event: 6961.033 Thread 0x000001cb6a592290 35462       3       org.eclipse.jdt.ls.core.internal.handlers.FindLinksHandler$FindLinksParams::<init> (5 bytes)
Event: 6961.034 Thread 0x000001cb6a592290 nmethod 35462 0x000001cb56476190 code [0x000001cb56476340, 0x000001cb564764a8]
Event: 6961.035 Thread 0x000001cb6a592290 35463       3       org.eclipse.jdt.ls.core.internal.handlers.JDTLanguageServer::findLinks (17 bytes)
Event: 6961.099 Thread 0x000001cb6a592290 nmethod 35463 0x000001cb57083c10 code [0x000001cb57083e80, 0x000001cb570849d0]
Event: 6961.099 Thread 0x000001cb6a592290 35464       3       org.eclipse.jdt.ls.core.internal.handlers.JDTLanguageServer$$Lambda/0x000001cb0180e4d0::<init> (10 bytes)
Event: 6961.099 Thread 0x000001cb6a592290 nmethod 35464 0x000001cb56512790 code [0x000001cb56512940, 0x000001cb56512ac8]
Event: 6961.099 Thread 0x000001cb6a592290 35465       3       org.eclipse.jdt.ls.core.internal.handlers.JDTLanguageServer$$Lambda/0x000001cb0180e4d0::apply (12 bytes)
Event: 6961.111 Thread 0x000001cb6a592290 nmethod 35465 0x000001cb569ed410 code [0x000001cb569ed5e0, 0x000001cb569ed8a0]
Event: 6961.112 Thread 0x000001cb6a592290 35468       3       org.eclipse.jdt.internal.core.hierarchy.TypeHierarchy::lambda$0 (5 bytes)
Event: 6961.115 Thread 0x000001cb6a592290 nmethod 35468 0x000001cb56553190 code [0x000001cb56553320, 0x000001cb565534a0]
Event: 6962.903 Thread 0x000001cb6a592290 35469       3       org.eclipse.jdt.internal.core.hierarchy.BindingMap::get (141 bytes)
Event: 6962.916 Thread 0x000001cb6a592290 nmethod 35469 0x000001cb580a9d10 code [0x000001cb580a9f80, 0x000001cb580aa980]
Event: 6995.937 Thread 0x000001cb6a592290 35470       3       org.eclipse.jdt.internal.codeassist.SelectionEngine::acceptType (731 bytes)
Event: 6995.990 Thread 0x000001cb6a592290 nmethod 35470 0x000001cb56bdc090 code [0x000001cb56bdc4a0, 0x000001cb56bdf2d0]

GC Heap History (20 events):
Event: 6906.441 GC heap before
{Heap before GC invocations=10197 (full 13):
 PSYoungGen      total 7168K, used 7104K [0x00000000d5580000, 0x00000000d6200000, 0x0000000100000000)
  eden space 6144K, 100% used [0x00000000d5580000,0x00000000d5b80000,0x00000000d5b80000)
  from space 1024K, 93% used [0x00000000d5b80000,0x00000000d5c70000,0x00000000d5c80000)
  to   space 2560K, 0% used [0x00000000d5f80000,0x00000000d5f80000,0x00000000d6200000)
 ParOldGen       total 1192448K, used 1191983K [0x0000000080000000, 0x00000000c8c80000, 0x00000000d5580000)
  object space 1192448K, 99% used [0x0000000080000000,0x00000000c8c0be18,0x00000000c8c80000)
 Metaspace       used 95913K, committed 97600K, reserved 1179648K
  class space    used 9138K, committed 9984K, reserved 1048576K
}
Event: 6906.444 GC heap after
{Heap after GC invocations=10197 (full 13):
 PSYoungGen      total 6656K, used 320K [0x00000000d5580000, 0x00000000d6000000, 0x0000000100000000)
  eden space 6144K, 0% used [0x00000000d5580000,0x00000000d5580000,0x00000000d5b80000)
  from space 512K, 62% used [0x00000000d5f80000,0x00000000d5fd0000,0x00000000d6000000)
  to   space 1024K, 0% used [0x00000000d5e00000,0x00000000d5e00000,0x00000000d5f00000)
 ParOldGen       total 1192960K, used 1192727K [0x0000000080000000, 0x00000000c8d00000, 0x00000000d5580000)
  object space 1192960K, 99% used [0x0000000080000000,0x00000000c8cc5e18,0x00000000c8d00000)
 Metaspace       used 95913K, committed 97600K, reserved 1179648K
  class space    used 9138K, committed 9984K, reserved 1048576K
}
Event: 6917.275 GC heap before
{Heap before GC invocations=10198 (full 13):
 PSYoungGen      total 6656K, used 6464K [0x00000000d5580000, 0x00000000d6000000, 0x0000000100000000)
  eden space 6144K, 100% used [0x00000000d5580000,0x00000000d5b80000,0x00000000d5b80000)
  from space 512K, 62% used [0x00000000d5f80000,0x00000000d5fd0000,0x00000000d6000000)
  to   space 1024K, 0% used [0x00000000d5e00000,0x00000000d5e00000,0x00000000d5f00000)
 ParOldGen       total 1192960K, used 1192727K [0x0000000080000000, 0x00000000c8d00000, 0x00000000d5580000)
  object space 1192960K, 99% used [0x0000000080000000,0x00000000c8cc5e18,0x00000000c8d00000)
 Metaspace       used 95913K, committed 97600K, reserved 1179648K
  class space    used 9138K, committed 9984K, reserved 1048576K
}
Event: 6917.287 GC heap after
{Heap after GC invocations=10198 (full 13):
 PSYoungGen      total 7168K, used 288K [0x00000000d5580000, 0x00000000d6000000, 0x0000000100000000)
  eden space 6144K, 0% used [0x00000000d5580000,0x00000000d5580000,0x00000000d5b80000)
  from space 1024K, 28% used [0x00000000d5e00000,0x00000000d5e48000,0x00000000d5f00000)
  to   space 512K, 0% used [0x00000000d5f80000,0x00000000d5f80000,0x00000000d6000000)
 ParOldGen       total 1192960K, used 1192759K [0x0000000080000000, 0x00000000c8d00000, 0x00000000d5580000)
  object space 1192960K, 99% used [0x0000000080000000,0x00000000c8ccde18,0x00000000c8d00000)
 Metaspace       used 95913K, committed 97600K, reserved 1179648K
  class space    used 9138K, committed 9984K, reserved 1048576K
}
Event: 6949.206 GC heap before
{Heap before GC invocations=10199 (full 13):
 PSYoungGen      total 7168K, used 6432K [0x00000000d5580000, 0x00000000d6000000, 0x0000000100000000)
  eden space 6144K, 100% used [0x00000000d5580000,0x00000000d5b80000,0x00000000d5b80000)
  from space 1024K, 28% used [0x00000000d5e00000,0x00000000d5e48000,0x00000000d5f00000)
  to   space 512K, 0% used [0x00000000d5f80000,0x00000000d5f80000,0x00000000d6000000)
 ParOldGen       total 1192960K, used 1192759K [0x0000000080000000, 0x00000000c8d00000, 0x00000000d5580000)
  object space 1192960K, 99% used [0x0000000080000000,0x00000000c8ccde18,0x00000000c8d00000)
 Metaspace       used 95913K, committed 97600K, reserved 1179648K
  class space    used 9138K, committed 9984K, reserved 1048576K
}
Event: 6949.259 GC heap after
{Heap after GC invocations=10199 (full 13):
 PSYoungGen      total 6656K, used 416K [0x00000000d5580000, 0x00000000d6000000, 0x0000000100000000)
  eden space 6144K, 0% used [0x00000000d5580000,0x00000000d5580000,0x00000000d5b80000)
  from space 512K, 81% used [0x00000000d5f80000,0x00000000d5fe8000,0x00000000d6000000)
  to   space 512K, 0% used [0x00000000d5f00000,0x00000000d5f00000,0x00000000d5f80000)
 ParOldGen       total 1192960K, used 1192759K [0x0000000080000000, 0x00000000c8d00000, 0x00000000d5580000)
  object space 1192960K, 99% used [0x0000000080000000,0x00000000c8ccde18,0x00000000c8d00000)
 Metaspace       used 95913K, committed 97600K, reserved 1179648K
  class space    used 9138K, committed 9984K, reserved 1048576K
}
Event: 6961.041 GC heap before
{Heap before GC invocations=10200 (full 13):
 PSYoungGen      total 6656K, used 6560K [0x00000000d5580000, 0x00000000d6000000, 0x0000000100000000)
  eden space 6144K, 100% used [0x00000000d5580000,0x00000000d5b80000,0x00000000d5b80000)
  from space 512K, 81% used [0x00000000d5f80000,0x00000000d5fe8000,0x00000000d6000000)
  to   space 512K, 0% used [0x00000000d5f00000,0x00000000d5f00000,0x00000000d5f80000)
 ParOldGen       total 1192960K, used 1192759K [0x0000000080000000, 0x00000000c8d00000, 0x00000000d5580000)
  object space 1192960K, 99% used [0x0000000080000000,0x00000000c8ccde18,0x00000000c8d00000)
 Metaspace       used 95919K, committed 97600K, reserved 1179648K
  class space    used 9138K, committed 9984K, reserved 1048576K
}
Event: 6961.052 GC heap after
{Heap after GC invocations=10200 (full 13):
 PSYoungGen      total 6656K, used 480K [0x00000000d5580000, 0x00000000d6000000, 0x0000000100000000)
  eden space 6144K, 0% used [0x00000000d5580000,0x00000000d5580000,0x00000000d5b80000)
  from space 512K, 93% used [0x00000000d5f00000,0x00000000d5f78000,0x00000000d5f80000)
  to   space 512K, 0% used [0x00000000d5f80000,0x00000000d5f80000,0x00000000d6000000)
 ParOldGen       total 1192960K, used 1192807K [0x0000000080000000, 0x00000000c8d00000, 0x00000000d5580000)
  object space 1192960K, 99% used [0x0000000080000000,0x00000000c8cd9e18,0x00000000c8d00000)
 Metaspace       used 95919K, committed 97600K, reserved 1179648K
  class space    used 9138K, committed 9984K, reserved 1048576K
}
Event: 6962.795 GC heap before
{Heap before GC invocations=10201 (full 13):
 PSYoungGen      total 6656K, used 6624K [0x00000000d5580000, 0x00000000d6000000, 0x0000000100000000)
  eden space 6144K, 100% used [0x00000000d5580000,0x00000000d5b80000,0x00000000d5b80000)
  from space 512K, 93% used [0x00000000d5f00000,0x00000000d5f78000,0x00000000d5f80000)
  to   space 512K, 0% used [0x00000000d5f80000,0x00000000d5f80000,0x00000000d6000000)
 ParOldGen       total 1192960K, used 1192807K [0x0000000080000000, 0x00000000c8d00000, 0x00000000d5580000)
  object space 1192960K, 99% used [0x0000000080000000,0x00000000c8cd9e18,0x00000000c8d00000)
 Metaspace       used 95924K, committed 97600K, reserved 1179648K
  class space    used 9138K, committed 9984K, reserved 1048576K
}
Event: 6962.809 GC heap after
{Heap after GC invocations=10201 (full 13):
 PSYoungGen      total 6656K, used 512K [0x00000000d5580000, 0x00000000d6000000, 0x0000000100000000)
  eden space 6144K, 0% used [0x00000000d5580000,0x00000000d5580000,0x00000000d5b80000)
  from space 512K, 100% used [0x00000000d5f80000,0x00000000d6000000,0x00000000d6000000)
  to   space 1024K, 0% used [0x00000000d5e00000,0x00000000d5e00000,0x00000000d5f00000)
 ParOldGen       total 1193472K, used 1193185K [0x0000000080000000, 0x00000000c8d80000, 0x00000000d5580000)
  object space 1193472K, 99% used [0x0000000080000000,0x00000000c8d38728,0x00000000c8d80000)
 Metaspace       used 95924K, committed 97600K, reserved 1179648K
  class space    used 9138K, committed 9984K, reserved 1048576K
}
Event: 6962.866 GC heap before
{Heap before GC invocations=10202 (full 13):
 PSYoungGen      total 6656K, used 6656K [0x00000000d5580000, 0x00000000d6000000, 0x0000000100000000)
  eden space 6144K, 100% used [0x00000000d5580000,0x00000000d5b80000,0x00000000d5b80000)
  from space 512K, 100% used [0x00000000d5f80000,0x00000000d6000000,0x00000000d6000000)
  to   space 1024K, 0% used [0x00000000d5e00000,0x00000000d5e00000,0x00000000d5f00000)
 ParOldGen       total 1193472K, used 1193185K [0x0000000080000000, 0x00000000c8d80000, 0x00000000d5580000)
  object space 1193472K, 99% used [0x0000000080000000,0x00000000c8d38728,0x00000000c8d80000)
 Metaspace       used 95924K, committed 97600K, reserved 1179648K
  class space    used 9138K, committed 9984K, reserved 1048576K
}
Event: 6962.873 GC heap after
{Heap after GC invocations=10202 (full 13):
 PSYoungGen      total 7168K, used 1004K [0x00000000d5580000, 0x00000000d6980000, 0x0000000100000000)
  eden space 6144K, 0% used [0x00000000d5580000,0x00000000d5580000,0x00000000d5b80000)
  from space 1024K, 98% used [0x00000000d5e00000,0x00000000d5efb070,0x00000000d5f00000)
  to   space 7168K, 0% used [0x00000000d6280000,0x00000000d6280000,0x00000000d6980000)
 ParOldGen       total 1198592K, used 1198177K [0x0000000080000000, 0x00000000c9280000, 0x00000000d5580000)
  object space 1198592K, 99% used [0x0000000080000000,0x00000000c9218728,0x00000000c9280000)
 Metaspace       used 95924K, committed 97600K, reserved 1179648K
  class space    used 9138K, committed 9984K, reserved 1048576K
}
Event: 6995.632 GC heap before
{Heap before GC invocations=10203 (full 13):
 PSYoungGen      total 7168K, used 7148K [0x00000000d5580000, 0x00000000d6980000, 0x0000000100000000)
  eden space 6144K, 100% used [0x00000000d5580000,0x00000000d5b80000,0x00000000d5b80000)
  from space 1024K, 98% used [0x00000000d5e00000,0x00000000d5efb070,0x00000000d5f00000)
  to   space 7168K, 0% used [0x00000000d6280000,0x00000000d6280000,0x00000000d6980000)
 ParOldGen       total 1198592K, used 1198177K [0x0000000080000000, 0x00000000c9280000, 0x00000000d5580000)
  object space 1198592K, 99% used [0x0000000080000000,0x00000000c9218728,0x00000000c9280000)
 Metaspace       used 95925K, committed 97600K, reserved 1179648K
  class space    used 9138K, committed 9984K, reserved 1048576K
}
Event: 6995.732 GC heap after
{Heap after GC invocations=10203 (full 13):
 PSYoungGen      total 6656K, used 416K [0x00000000d5580000, 0x00000000d6300000, 0x0000000100000000)
  eden space 6144K, 0% used [0x00000000d5580000,0x00000000d5580000,0x00000000d5b80000)
  from space 512K, 81% used [0x00000000d6280000,0x00000000d62e8000,0x00000000d6300000)
  to   space 2560K, 0% used [0x00000000d5e00000,0x00000000d5e00000,0x00000000d6080000)
 ParOldGen       total 1198592K, used 1198233K [0x0000000080000000, 0x00000000c9280000, 0x00000000d5580000)
  object space 1198592K, 99% used [0x0000000080000000,0x00000000c9226728,0x00000000c9280000)
 Metaspace       used 95925K, committed 97600K, reserved 1179648K
  class space    used 9138K, committed 9984K, reserved 1048576K
}
Event: 6995.965 GC heap before
{Heap before GC invocations=10204 (full 13):
 PSYoungGen      total 6656K, used 6560K [0x00000000d5580000, 0x00000000d6300000, 0x0000000100000000)
  eden space 6144K, 100% used [0x00000000d5580000,0x00000000d5b80000,0x00000000d5b80000)
  from space 512K, 81% used [0x00000000d6280000,0x00000000d62e8000,0x00000000d6300000)
  to   space 2560K, 0% used [0x00000000d5e00000,0x00000000d5e00000,0x00000000d6080000)
 ParOldGen       total 1198592K, used 1198233K [0x0000000080000000, 0x00000000c9280000, 0x00000000d5580000)
  object space 1198592K, 99% used [0x0000000080000000,0x00000000c9226728,0x00000000c9280000)
 Metaspace       used 95928K, committed 97600K, reserved 1179648K
  class space    used 9138K, committed 9984K, reserved 1048576K
}
Event: 6995.972 GC heap after
{Heap after GC invocations=10204 (full 13):
 PSYoungGen      total 8704K, used 512K [0x00000000d5580000, 0x00000000d6300000, 0x0000000100000000)
  eden space 6144K, 0% used [0x00000000d5580000,0x00000000d5580000,0x00000000d5b80000)
  from space 2560K, 20% used [0x00000000d5e00000,0x00000000d5e80000,0x00000000d6080000)
  to   space 1024K, 0% used [0x00000000d6200000,0x00000000d6200000,0x00000000d6300000)
 ParOldGen       total 1198592K, used 1198372K [0x0000000080000000, 0x00000000c9280000, 0x00000000d5580000)
  object space 1198592K, 99% used [0x0000000080000000,0x00000000c9249028,0x00000000c9280000)
 Metaspace       used 95928K, committed 97600K, reserved 1179648K
  class space    used 9138K, committed 9984K, reserved 1048576K
}
Event: 6995.990 GC heap before
{Heap before GC invocations=10205 (full 13):
 PSYoungGen      total 8704K, used 6656K [0x00000000d5580000, 0x00000000d6300000, 0x0000000100000000)
  eden space 6144K, 100% used [0x00000000d5580000,0x00000000d5b80000,0x00000000d5b80000)
  from space 2560K, 20% used [0x00000000d5e00000,0x00000000d5e80000,0x00000000d6080000)
  to   space 1024K, 0% used [0x00000000d6200000,0x00000000d6200000,0x00000000d6300000)
 ParOldGen       total 1198592K, used 1198372K [0x0000000080000000, 0x00000000c9280000, 0x00000000d5580000)
  object space 1198592K, 99% used [0x0000000080000000,0x00000000c9249028,0x00000000c9280000)
 Metaspace       used 95928K, committed 97600K, reserved 1179648K
  class space    used 9138K, committed 9984K, reserved 1048576K
}
Event: 6995.996 GC heap after
{Heap after GC invocations=10205 (full 13):
 PSYoungGen      total 6144K, used 1010K [0x00000000d5580000, 0x00000000d6a80000, 0x0000000100000000)
  eden space 5120K, 0% used [0x00000000d5580000,0x00000000d5580000,0x00000000d5a80000)
  from space 1024K, 98% used [0x00000000d6200000,0x00000000d62fc940,0x00000000d6300000)
  to   space 7680K, 0% used [0x00000000d5a80000,0x00000000d5a80000,0x00000000d6200000)
 ParOldGen       total 1204224K, used 1203723K [0x0000000080000000, 0x00000000c9800000, 0x00000000d5580000)
  object space 1204224K, 99% used [0x0000000080000000,0x00000000c9782e40,0x00000000c9800000)
 Metaspace       used 95928K, committed 97600K, reserved 1179648K
  class space    used 9138K, committed 9984K, reserved 1048576K
}
Event: 7010.344 GC heap before
{Heap before GC invocations=10206 (full 13):
 PSYoungGen      total 6144K, used 6130K [0x00000000d5580000, 0x00000000d6a80000, 0x0000000100000000)
  eden space 5120K, 100% used [0x00000000d5580000,0x00000000d5a80000,0x00000000d5a80000)
  from space 1024K, 98% used [0x00000000d6200000,0x00000000d62fc940,0x00000000d6300000)
  to   space 7680K, 0% used [0x00000000d5a80000,0x00000000d5a80000,0x00000000d6200000)
 ParOldGen       total 1204224K, used 1203723K [0x0000000080000000, 0x00000000c9800000, 0x00000000d5580000)
  object space 1204224K, 99% used [0x0000000080000000,0x00000000c9782e40,0x00000000c9800000)
 Metaspace       used 95928K, committed 97600K, reserved 1179648K
  class space    used 9138K, committed 9984K, reserved 1048576K
}
Event: 7010.409 GC heap after
{Heap after GC invocations=10206 (full 13):
 PSYoungGen      total 6144K, used 864K [0x00000000d5580000, 0x00000000d6280000, 0x0000000100000000)
  eden space 5120K, 0% used [0x00000000d5580000,0x00000000d5580000,0x00000000d5a80000)
  from space 1024K, 84% used [0x00000000d5a80000,0x00000000d5b58000,0x00000000d5b80000)
  to   space 3072K, 0% used [0x00000000d5f80000,0x00000000d5f80000,0x00000000d6280000)
 ParOldGen       total 1204224K, used 1203835K [0x0000000080000000, 0x00000000c9800000, 0x00000000d5580000)
  object space 1204224K, 99% used [0x0000000080000000,0x00000000c979ee40,0x00000000c9800000)
 Metaspace       used 95928K, committed 97600K, reserved 1179648K
  class space    used 9138K, committed 9984K, reserved 1048576K
}

Dll operation events (12 events):
Event: 0.032 Loaded shared library c:\Users\user\.vscode\extensions\redhat.java-1.49.0-win32-x64\jre\21.0.9-win32-x86_64\bin\java.dll
Event: 0.315 Loaded shared library c:\Users\user\.vscode\extensions\redhat.java-1.49.0-win32-x64\jre\21.0.9-win32-x86_64\bin\zip.dll
Event: 0.409 Loaded shared library C:\Users\user\.vscode\extensions\redhat.java-1.49.0-win32-x64\jre\21.0.9-win32-x86_64\bin\instrument.dll
Event: 0.775 Loaded shared library C:\Users\user\.vscode\extensions\redhat.java-1.49.0-win32-x64\jre\21.0.9-win32-x86_64\bin\net.dll
Event: 0.963 Loaded shared library C:\Users\user\.vscode\extensions\redhat.java-1.49.0-win32-x64\jre\21.0.9-win32-x86_64\bin\nio.dll
Event: 0.974 Loaded shared library C:\Users\user\.vscode\extensions\redhat.java-1.49.0-win32-x64\jre\21.0.9-win32-x86_64\bin\zip.dll
Event: 1.046 Loaded shared library C:\Users\user\.vscode\extensions\redhat.java-1.49.0-win32-x64\jre\21.0.9-win32-x86_64\bin\jimage.dll
Event: 1.463 Loaded shared library c:\Users\user\.vscode\extensions\redhat.java-1.49.0-win32-x64\jre\21.0.9-win32-x86_64\bin\verify.dll
Event: 25.054 Loaded shared library C:\Users\user\AppData\Roaming\Code\User\globalStorage\redhat.java\1.49.0\config_win\org.eclipse.equinox.launcher\org.eclipse.equinox.launcher.win32.win32.x86_64_1.2.1400.v20250801-0854\eclipse_11916.dll
Event: 75.867 Loaded shared library C:\Users\user\AppData\Local\Temp\jna-3599307\jna332307553082613156.dll
Event: 128.863 Loaded shared library C:\Users\user\.vscode\extensions\redhat.java-1.49.0-win32-x64\jre\21.0.9-win32-x86_64\bin\sunmscapi.dll
Event: 1458.522 Loaded shared library C:\Users\user\.vscode\extensions\redhat.java-1.49.0-win32-x64\jre\21.0.9-win32-x86_64\bin\extnet.dll

Deoptimization events (20 events):
Event: 6825.013 Thread 0x000001cb745fc6d0 Uncommon trap: trap_request=0xffffffc6 fr.pc=0x000001cb5dfd0f04 relative=0x00000000000041c4
Event: 6825.014 Thread 0x000001cb745fc6d0 Uncommon trap: reason=bimorphic_or_optimized_type_check action=maybe_recompile pc=0x000001cb5dfd0f04 method=org.eclipse.jdt.internal.compiler.SourceElementNotifier.notifySourceElementRequestor(Lorg/eclipse/jdt/internal/compiler/ast/AbstractMethodDeclarati
Event: 6825.014 Thread 0x000001cb745fc6d0 DEOPT PACKING pc=0x000001cb5dfd0f04 sp=0x0000003ac5afe5f0
Event: 6825.014 Thread 0x000001cb745fc6d0 DEOPT UNPACKING pc=0x000001cb5cf23aa2 sp=0x0000003ac5afe5f8 mode 2
Event: 6825.017 Thread 0x000001cb745fc6d0 Uncommon trap: trap_request=0xffffffc6 fr.pc=0x000001cb5dfd0f04 relative=0x00000000000041c4
Event: 6825.017 Thread 0x000001cb745fc6d0 Uncommon trap: reason=bimorphic_or_optimized_type_check action=maybe_recompile pc=0x000001cb5dfd0f04 method=org.eclipse.jdt.internal.compiler.SourceElementNotifier.notifySourceElementRequestor(Lorg/eclipse/jdt/internal/compiler/ast/AbstractMethodDeclarati
Event: 6825.017 Thread 0x000001cb745fc6d0 DEOPT PACKING pc=0x000001cb5dfd0f04 sp=0x0000003ac5afe5f0
Event: 6825.017 Thread 0x000001cb745fc6d0 DEOPT UNPACKING pc=0x000001cb5cf23aa2 sp=0x0000003ac5afe5f8 mode 2
Event: 6825.027 Thread 0x000001cb745fc6d0 Uncommon trap: trap_request=0xffffffde fr.pc=0x000001cb5ed4a9ac relative=0x0000000000007c4c
Event: 6825.028 Thread 0x000001cb745fc6d0 Uncommon trap: reason=class_check action=maybe_recompile pc=0x000001cb5ed4a9ac method=org.eclipse.jdt.internal.compiler.parser.AbstractCommentParser.commentParse()Z @ 744 c2
Event: 6825.028 Thread 0x000001cb745fc6d0 DEOPT PACKING pc=0x000001cb5ed4a9ac sp=0x0000003ac5afe580
Event: 6825.028 Thread 0x000001cb745fc6d0 DEOPT UNPACKING pc=0x000001cb5cf23aa2 sp=0x0000003ac5afe590 mode 2
Event: 6829.620 Thread 0x000001cb745fe7a0 Uncommon trap: trap_request=0xffffff6e fr.pc=0x000001cb5dce8534 relative=0x0000000000000454
Event: 6829.620 Thread 0x000001cb745fe7a0 Uncommon trap: reason=loop_limit_check action=maybe_recompile pc=0x000001cb5dce8534 method=org.eclipse.jdt.internal.ui.util.StringMatcher.textPosIn(Ljava/lang/String;IILjava/lang/String;)I @ 78 c2
Event: 6829.620 Thread 0x000001cb745fe7a0 DEOPT PACKING pc=0x000001cb5dce8534 sp=0x0000003ac43fdeb0
Event: 6829.620 Thread 0x000001cb745fe7a0 DEOPT UNPACKING pc=0x000001cb5cf23aa2 sp=0x0000003ac43fde28 mode 2
Event: 6861.623 Thread 0x000001cb7236fef0 Uncommon trap: trap_request=0xffffff45 fr.pc=0x000001cb5e879218 relative=0x00000000000000f8
Event: 6861.624 Thread 0x000001cb7236fef0 Uncommon trap: reason=unstable_if action=reinterpret pc=0x000001cb5e879218 method=org.eclipse.jdt.core.manipulation.internal.javadoc.CoreJavadocAccessImpl.handleUnicode(Ljava/lang/StringBuffer;Ljava/lang/String;)V @ 30 c2
Event: 6861.624 Thread 0x000001cb7236fef0 DEOPT PACKING pc=0x000001cb5e879218 sp=0x0000003ac24fe280
Event: 6861.625 Thread 0x000001cb7236fef0 DEOPT UNPACKING pc=0x000001cb5cf23aa2 sp=0x0000003ac24fe1f8 mode 2

Classes loaded (20 events):
Event: 2100.769 Loading class sun/security/ssl/SSLEngineOutputRecord$HandshakeMemo
Event: 2100.771 Loading class sun/security/ssl/SSLEngineOutputRecord$RecordMemo
Event: 2100.772 Loading class sun/security/ssl/SSLEngineOutputRecord$RecordMemo done
Event: 2100.773 Loading class sun/security/ssl/SSLEngineOutputRecord$HandshakeMemo done
Event: 2101.203 Loading class sun/security/ssl/PreSharedKeyExtension$SHPreSharedKeySpec
Event: 2101.208 Loading class sun/security/ssl/PreSharedKeyExtension$SHPreSharedKeySpec done
Event: 2103.290 Loading class sun/net/www/protocol/http/HttpURLConnection$10
Event: 2103.298 Loading class sun/net/www/protocol/http/HttpURLConnection$10 done
Event: 2104.954 Loading class sun/net/www/http/KeepAliveCleanerEntry
Event: 2104.959 Loading class sun/net/www/http/KeepAliveCleanerEntry done
Event: 2104.960 Loading class sun/net/www/http/KeepAliveStream$1
Event: 2104.970 Loading class sun/net/www/http/KeepAliveStream$1 done
Event: 2104.976 Loading class sun/net/www/http/ChunkedInputStream
Event: 2105.035 Loading class sun/net/www/http/ChunkedInputStream done
Event: 2119.105 Loading class java/util/concurrent/ConcurrentHashMap$TreeNode
Event: 2119.109 Loading class java/util/concurrent/ConcurrentHashMap$TreeNode done
Event: 2119.110 Loading class java/util/concurrent/ConcurrentHashMap$TreeBin
Event: 2119.123 Loading class java/util/concurrent/ConcurrentHashMap$TreeBin done
Event: 5031.559 Loading class java/util/ImmutableCollections$SubList
Event: 5031.658 Loading class java/util/ImmutableCollections$SubList done

Classes unloaded (20 events):
Event: 4070.175 Thread 0x000001cb69064140 Unloading class 0x000001cb01018400 'java/lang/invoke/LambdaForm$MH+0x000001cb01018400'
Event: 4070.175 Thread 0x000001cb69064140 Unloading class 0x000001cb01018000 'java/lang/invoke/LambdaForm$MH+0x000001cb01018000'
Event: 4070.175 Thread 0x000001cb69064140 Unloading class 0x000001cb01017400 'java/lang/invoke/LambdaForm$MH+0x000001cb01017400'
Event: 4070.176 Thread 0x000001cb69064140 Unloading class 0x000001cb01016400 'java/lang/invoke/LambdaForm$MH+0x000001cb01016400'
Event: 4070.176 Thread 0x000001cb69064140 Unloading class 0x000001cb01014800 'java/lang/invoke/LambdaForm$MH+0x000001cb01014800'
Event: 5749.457 Thread 0x000001cb69064140 Unloading class 0x000001cb01221800 'java/lang/invoke/LambdaForm$MH+0x000001cb01221800'
Event: 5749.457 Thread 0x000001cb69064140 Unloading class 0x000001cb01204800 'java/lang/invoke/LambdaForm$MH+0x000001cb01204800'
Event: 5749.457 Thread 0x000001cb69064140 Unloading class 0x000001cb01000400 'java/lang/invoke/LambdaForm$MH+0x000001cb01000400'
Event: 6154.112 Thread 0x000001cb69064140 Unloading class 0x000001cb0121a000 'java/lang/invoke/LambdaForm$MH+0x000001cb0121a000'
Event: 6154.113 Thread 0x000001cb69064140 Unloading class 0x000001cb0121a800 'java/lang/invoke/LambdaForm$MH+0x000001cb0121a800'
Event: 6154.113 Thread 0x000001cb69064140 Unloading class 0x000001cb01231000 'java/lang/invoke/LambdaForm$MH+0x000001cb01231000'
Event: 6571.610 Thread 0x000001cb69064140 Unloading class 0x000001cb011ad400 'java/lang/invoke/LambdaForm$MH+0x000001cb011ad400'
Event: 6571.611 Thread 0x000001cb69064140 Unloading class 0x000001cb01014800 'java/lang/invoke/LambdaForm$MH+0x000001cb01014800'
Event: 6571.612 Thread 0x000001cb69064140 Unloading class 0x000001cb01206400 'java/lang/invoke/LambdaForm$MH+0x000001cb01206400'
Event: 6571.613 Thread 0x000001cb69064140 Unloading class 0x000001cb01205400 'java/lang/invoke/LambdaForm$MH+0x000001cb01205400'
Event: 6571.613 Thread 0x000001cb69064140 Unloading class 0x000001cb01205000 'java/lang/invoke/LambdaForm$MH+0x000001cb01205000'
Event: 6571.613 Thread 0x000001cb69064140 Unloading class 0x000001cb01204000 'java/lang/invoke/LambdaForm$MH+0x000001cb01204000'
Event: 6571.614 Thread 0x000001cb69064140 Unloading class 0x000001cb01175000 'java/lang/invoke/LambdaForm$MH+0x000001cb01175000'
Event: 6571.614 Thread 0x000001cb69064140 Unloading class 0x000001cb01174800 'java/lang/invoke/LambdaForm$MH+0x000001cb01174800'
Event: 6571.615 Thread 0x000001cb69064140 Unloading class 0x000001cb01174400 'java/lang/invoke/LambdaForm$MH+0x000001cb01174400'

Classes redefined (0 events):
No events

Internal exceptions (20 events):
Event: 6856.832 Thread 0x000001cb747971a0 Exception <a 'java/lang/ArrayIndexOutOfBoundsException'{0x00000000d5596150}> (0x00000000d5596150) 
thrown [s\src\hotspot\share\runtime\sharedRuntime.cpp, line 625]
Event: 6857.011 Thread 0x000001cb747971a0 Exception <a 'java/lang/ArrayIndexOutOfBoundsException'{0x00000000d574a4b8}> (0x00000000d574a4b8) 
thrown [s\src\hotspot\share\runtime\sharedRuntime.cpp, line 625]
Event: 6859.745 Thread 0x000001cb6c61e830 Exception <a 'sun/nio/fs/WindowsException'{0x00000000d58cf900}> (0x00000000d58cf900) 
thrown [s\src\hotspot\share\prims\jni.cpp, line 520]
Event: 6859.994 Thread 0x000001cb6c61e830 Exception <a 'sun/nio/fs/WindowsException'{0x00000000d561f5c0}> (0x00000000d561f5c0) 
thrown [s\src\hotspot\share\prims\jni.cpp, line 520]
Event: 6863.849 Thread 0x000001cb6c61e830 Exception <a 'sun/nio/fs/WindowsException'{0x00000000d5590320}> (0x00000000d5590320) 
thrown [s\src\hotspot\share\prims\jni.cpp, line 520]
Event: 6864.074 Thread 0x000001cb6c61e830 Exception <a 'sun/nio/fs/WindowsException'{0x00000000d575ab58}> (0x00000000d575ab58) 
thrown [s\src\hotspot\share\prims\jni.cpp, line 520]
Event: 6870.218 Thread 0x000001cb6c61e830 Exception <a 'sun/nio/fs/WindowsException'{0x00000000d560d5b0}> (0x00000000d560d5b0) 
thrown [s\src\hotspot\share\prims\jni.cpp, line 520]
Event: 6870.539 Thread 0x000001cb6c61e830 Exception <a 'sun/nio/fs/WindowsException'{0x00000000d5859438}> (0x00000000d5859438) 
thrown [s\src\hotspot\share\prims\jni.cpp, line 520]
Event: 6872.880 Thread 0x000001cb6c61e830 Exception <a 'sun/nio/fs/WindowsException'{0x00000000d55b2168}> (0x00000000d55b2168) 
thrown [s\src\hotspot\share\prims\jni.cpp, line 520]
Event: 6873.282 Thread 0x000001cb6c61e830 Exception <a 'sun/nio/fs/WindowsException'{0x00000000d56f9750}> (0x00000000d56f9750) 
thrown [s\src\hotspot\share\prims\jni.cpp, line 520]
Event: 6874.397 Thread 0x000001cb745fe7a0 Exception <a 'java/lang/ArrayIndexOutOfBoundsException'{0x00000000d563dd30}> (0x00000000d563dd30) 
thrown [s\src\hotspot\share\runtime\sharedRuntime.cpp, line 625]
Event: 6874.454 Thread 0x000001cb745fe7a0 Exception <a 'java/lang/ArrayIndexOutOfBoundsException'{0x00000000d56bb7a0}> (0x00000000d56bb7a0) 
thrown [s\src\hotspot\share\runtime\sharedRuntime.cpp, line 625]
Event: 6878.964 Thread 0x000001cb6c61e830 Exception <a 'sun/nio/fs/WindowsException'{0x00000000d56369b8}> (0x00000000d56369b8) 
thrown [s\src\hotspot\share\prims\jni.cpp, line 520]
Event: 6879.145 Thread 0x000001cb6c61e830 Exception <a 'sun/nio/fs/WindowsException'{0x00000000d588c680}> (0x00000000d588c680) 
thrown [s\src\hotspot\share\prims\jni.cpp, line 520]
Event: 6880.922 Thread 0x000001cb6c61e830 Exception <a 'sun/nio/fs/WindowsException'{0x00000000d5847118}> (0x00000000d5847118) 
thrown [s\src\hotspot\share\prims\jni.cpp, line 520]
Event: 6881.142 Thread 0x000001cb6c61e830 Exception <a 'sun/nio/fs/WindowsException'{0x00000000d5820748}> (0x00000000d5820748) 
thrown [s\src\hotspot\share\prims\jni.cpp, line 520]
Event: 6882.433 Thread 0x000001cb6c61e830 Exception <a 'sun/nio/fs/WindowsException'{0x00000000d5672e38}> (0x00000000d5672e38) 
thrown [s\src\hotspot\share\prims\jni.cpp, line 520]
Event: 6882.648 Thread 0x000001cb6c61e830 Exception <a 'sun/nio/fs/WindowsException'{0x00000000d5675be8}> (0x00000000d5675be8) 
thrown [s\src\hotspot\share\prims\jni.cpp, line 520]
Event: 6890.375 Thread 0x000001cb6c61e830 Exception <a 'sun/nio/fs/WindowsException'{0x00000000d576cc40}> (0x00000000d576cc40) 
thrown [s\src\hotspot\share\prims\jni.cpp, line 520]
Event: 6890.597 Thread 0x000001cb6c61e830 Exception <a 'sun/nio/fs/WindowsException'{0x00000000d5611ae8}> (0x00000000d5611ae8) 
thrown [s\src\hotspot\share\prims\jni.cpp, line 520]

ZGC Phase Switch (0 events):
No events

VM Operations (20 events):
Event: 6962.795 Executing VM operation: ParallelGCFailedAllocation (Allocation Failure)
Event: 6962.809 Executing VM operation: ParallelGCFailedAllocation (Allocation Failure) done
Event: 6962.866 Executing VM operation: ParallelGCFailedAllocation (Allocation Failure)
Event: 6962.873 Executing VM operation: ParallelGCFailedAllocation (Allocation Failure) done
Event: 6973.940 Executing VM operation: HandshakeAllThreads (HandshakeForDeflation)
Event: 6973.941 Executing VM operation: HandshakeAllThreads (HandshakeForDeflation) done
Event: 6973.941 Executing VM operation: RendezvousGCThreads
Event: 6973.941 Executing VM operation: RendezvousGCThreads done
Event: 6995.630 Executing VM operation: ParallelGCFailedAllocation (Allocation Failure)
Event: 6995.732 Executing VM operation: ParallelGCFailedAllocation (Allocation Failure) done
Event: 6995.956 Executing VM operation: ParallelGCFailedAllocation (Allocation Failure)
Event: 6995.972 Executing VM operation: ParallelGCFailedAllocation (Allocation Failure) done
Event: 6995.984 Executing VM operation: ParallelGCFailedAllocation (Allocation Failure)
Event: 6995.996 Executing VM operation: ParallelGCFailedAllocation (Allocation Failure) done
Event: 7010.344 Executing VM operation: ParallelGCFailedAllocation (Allocation Failure)
Event: 7010.410 Executing VM operation: ParallelGCFailedAllocation (Allocation Failure) done
Event: 7033.996 Executing VM operation: HandshakeAllThreads (HandshakeForDeflation)
Event: 7034.002 Executing VM operation: HandshakeAllThreads (HandshakeForDeflation) done
Event: 7034.003 Executing VM operation: RendezvousGCThreads
Event: 7034.003 Executing VM operation: RendezvousGCThreads done

Memory protections (0 events):
No events

Nmethod flushes (20 events):
Event: 6573.520 Thread 0x000001cb69064140 flushing  nmethod 0x000001cb58aa8410
Event: 6573.520 Thread 0x000001cb69064140 flushing  nmethod 0x000001cb58ab4610
Event: 6573.520 Thread 0x000001cb69064140 flushing  nmethod 0x000001cb58ad1590
Event: 6573.520 Thread 0x000001cb69064140 flushing  nmethod 0x000001cb58ae2610
Event: 6573.520 Thread 0x000001cb69064140 flushing  nmethod 0x000001cb58ae8610
Event: 6573.520 Thread 0x000001cb69064140 flushing  nmethod 0x000001cb58af7c90
Event: 6573.521 Thread 0x000001cb69064140 flushing  nmethod 0x000001cb58b36810
Event: 6573.521 Thread 0x000001cb69064140 flushing  nmethod 0x000001cb58b55c90
Event: 6573.521 Thread 0x000001cb69064140 flushing  nmethod 0x000001cb58b5e790
Event: 6573.521 Thread 0x000001cb69064140 flushing  nmethod 0x000001cb58b69a90
Event: 6573.522 Thread 0x000001cb69064140 flushing  nmethod 0x000001cb58b86d90
Event: 6573.522 Thread 0x000001cb69064140 flushing  nmethod 0x000001cb58b9fc10
Event: 6573.522 Thread 0x000001cb69064140 flushing  nmethod 0x000001cb58bcc590
Event: 6573.522 Thread 0x000001cb69064140 flushing  nmethod 0x000001cb58c04f10
Event: 6573.522 Thread 0x000001cb69064140 flushing  nmethod 0x000001cb58c50190
Event: 6573.522 Thread 0x000001cb69064140 flushing  nmethod 0x000001cb58c6f810
Event: 6573.522 Thread 0x000001cb69064140 flushing  nmethod 0x000001cb58c9d310
Event: 6573.522 Thread 0x000001cb69064140 flushing  nmethod 0x000001cb58ca5390
Event: 6573.522 Thread 0x000001cb69064140 flushing  nmethod 0x000001cb58ca9e10
Event: 6573.522 Thread 0x000001cb69064140 flushing  nmethod 0x000001cb58ce8810

Events (20 events):
Event: 6876.251 Thread 0x000001cb72370580 Thread exited: 0x000001cb72370580
Event: 6876.251 Thread 0x000001cb760d9c80 Thread exited: 0x000001cb760d9c80
Event: 6876.252 Thread 0x000001cb7477c8c0 Thread exited: 0x000001cb7477c8c0
Event: 6876.252 Thread 0x000001cb6c61c760 Thread exited: 0x000001cb6c61c760
Event: 6876.252 Thread 0x000001cb760da310 Thread exited: 0x000001cb760da310
Event: 6876.252 Thread 0x000001cb7477cf50 Thread exited: 0x000001cb7477cf50
Event: 6876.252 Thread 0x000001cb6c61db10 Thread exited: 0x000001cb6c61db10
Event: 6876.253 Thread 0x000001cb6c61e1a0 Thread exited: 0x000001cb6c61e1a0
Event: 6876.254 Thread 0x000001cb7477dc70 Thread exited: 0x000001cb7477dc70
Event: 6876.254 Thread 0x000001cb760d7bb0 Thread exited: 0x000001cb760d7bb0
Event: 6876.254 Thread 0x000001cb7477e300 Thread exited: 0x000001cb7477e300
Event: 6876.254 Thread 0x000001cb72372ce0 Thread exited: 0x000001cb72372ce0
Event: 6876.254 Thread 0x000001cb72374720 Thread exited: 0x000001cb72374720
Event: 6907.273 Thread 0x000001cb745fc6d0 Thread exited: 0x000001cb745fc6d0
Event: 6935.865 Thread 0x000001cb73012e60 Thread exited: 0x000001cb73012e60
Event: 6950.462 Thread 0x000001cb74790f30 Thread exited: 0x000001cb74790f30
Event: 6950.950 Thread 0x000001cb747915c0 Thread exited: 0x000001cb747915c0
Event: 6950.956 Thread 0x000001cb7236f1d0 Thread exited: 0x000001cb7236f1d0
Event: 6950.972 Thread 0x000001cb72373370 Thread exited: 0x000001cb72373370
Event: 6995.868 Thread 0x000001cb741b0540 Thread exited: 0x000001cb741b0540


Dynamic libraries:
0x00007ff6fd040000 - 0x00007ff6fd04e000 	c:\Users\user\.vscode\extensions\redhat.java-1.49.0-win32-x64\jre\21.0.9-win32-x86_64\bin\java.exe
0x00007ffe04080000 - 0x00007ffe042e8000 	C:\WINDOWS\SYSTEM32\ntdll.dll
0x00007ffe02970000 - 0x00007ffe02a39000 	C:\WINDOWS\System32\KERNEL32.DLL
0x00007ffe01710000 - 0x00007ffe01b02000 	C:\WINDOWS\System32\KERNELBASE.dll
0x00007ffdfdba0000 - 0x00007ffdfdc3f000 	C:\WINDOWS\SYSTEM32\apphelp.dll
0x00007ffe01380000 - 0x00007ffe014cb000 	C:\WINDOWS\System32\ucrtbase.dll
0x00007ffde3a30000 - 0x00007ffde3a4e000 	c:\Users\user\.vscode\extensions\redhat.java-1.49.0-win32-x64\jre\21.0.9-win32-x86_64\bin\VCRUNTIME140.dll
0x00007ffde8a00000 - 0x00007ffde8a18000 	c:\Users\user\.vscode\extensions\redhat.java-1.49.0-win32-x64\jre\21.0.9-win32-x86_64\bin\jli.dll
0x00007ffe036f0000 - 0x00007ffe038b5000 	C:\WINDOWS\System32\USER32.dll
0x00007ffde7770000 - 0x00007ffde7a03000 	C:\WINDOWS\WinSxS\amd64_microsoft.windows.common-controls_6595b64144ccf1df_6.0.26100.6725_none_3e085828e334708b\COMCTL32.dll
0x00007ffe016e0000 - 0x00007ffe01707000 	C:\WINDOWS\System32\win32u.dll
0x00007ffe03640000 - 0x00007ffe036e9000 	C:\WINDOWS\System32\msvcrt.dll
0x00007ffe03fa0000 - 0x00007ffe03fcb000 	C:\WINDOWS\System32\GDI32.dll
0x00007ffe01b10000 - 0x00007ffe01c3d000 	C:\WINDOWS\System32\gdi32full.dll
0x00007ffe01210000 - 0x00007ffe012b3000 	C:\WINDOWS\System32\msvcp_win.dll
0x00007ffe03600000 - 0x00007ffe0362f000 	C:\WINDOWS\System32\IMM32.DLL
0x00007ffdf9eb0000 - 0x00007ffdf9ebc000 	c:\Users\user\.vscode\extensions\redhat.java-1.49.0-win32-x64\jre\21.0.9-win32-x86_64\bin\vcruntime140_1.dll
0x00007ffdb3da0000 - 0x00007ffdb3e2d000 	c:\Users\user\.vscode\extensions\redhat.java-1.49.0-win32-x64\jre\21.0.9-win32-x86_64\bin\msvcp140.dll
0x00007ffd667c0000 - 0x00007ffd67560000 	c:\Users\user\.vscode\extensions\redhat.java-1.49.0-win32-x64\jre\21.0.9-win32-x86_64\bin\server\jvm.dll
0x00007ffe03c50000 - 0x00007ffe03d04000 	C:\WINDOWS\System32\ADVAPI32.dll
0x00007ffe038c0000 - 0x00007ffe03966000 	C:\WINDOWS\System32\sechost.dll
0x00007ffe02d00000 - 0x00007ffe02e18000 	C:\WINDOWS\System32\RPCRT4.dll
0x00007ffe028f0000 - 0x00007ffe02964000 	C:\WINDOWS\System32\WS2_32.dll
0x00007ffe01070000 - 0x00007ffe010ce000 	C:\WINDOWS\SYSTEM32\POWRPROF.dll
0x00007ffde7ab0000 - 0x00007ffde7abb000 	C:\WINDOWS\SYSTEM32\VERSION.dll
0x00007ffdfe8d0000 - 0x00007ffdfe905000 	C:\WINDOWS\SYSTEM32\WINMM.dll
0x00007ffe01050000 - 0x00007ffe01064000 	C:\WINDOWS\SYSTEM32\UMPDC.dll
0x00007ffdfff00000 - 0x00007ffdfff1b000 	C:\WINDOWS\SYSTEM32\kernel.appcore.dll
0x00007ffdefb80000 - 0x00007ffdefb8a000 	c:\Users\user\.vscode\extensions\redhat.java-1.49.0-win32-x64\jre\21.0.9-win32-x86_64\bin\jimage.dll
0x00007ffdfe610000 - 0x00007ffdfe852000 	C:\WINDOWS\SYSTEM32\DBGHELP.DLL
0x00007ffe02380000 - 0x00007ffe026fb000 	C:\WINDOWS\System32\combase.dll
0x00007ffe03970000 - 0x00007ffe03a47000 	C:\WINDOWS\System32\OLEAUT32.dll
0x00007ffdfe890000 - 0x00007ffdfe8cc000 	C:\WINDOWS\SYSTEM32\dbgcore.DLL
0x00007ffe014d0000 - 0x00007ffe01568000 	C:\WINDOWS\System32\bcryptPrimitives.dll
0x00007ffdd22f0000 - 0x00007ffdd22ff000 	c:\Users\user\.vscode\extensions\redhat.java-1.49.0-win32-x64\jre\21.0.9-win32-x86_64\bin\instrument.dll
0x00007ffdd22d0000 - 0x00007ffdd22f0000 	c:\Users\user\.vscode\extensions\redhat.java-1.49.0-win32-x64\jre\21.0.9-win32-x86_64\bin\java.dll
0x00007ffe02e20000 - 0x00007ffe0356c000 	C:\WINDOWS\System32\SHELL32.dll
0x00007ffe01570000 - 0x00007ffe016db000 	C:\WINDOWS\System32\wintypes.dll
0x00007ffdfee20000 - 0x00007ffdff67d000 	C:\WINDOWS\SYSTEM32\windows.storage.dll
0x00007ffe03e70000 - 0x00007ffe03f62000 	C:\WINDOWS\System32\SHCORE.dll
0x00007ffe03fd0000 - 0x00007ffe04032000 	C:\WINDOWS\System32\shlwapi.dll
0x00007ffe01130000 - 0x00007ffe01159000 	C:\WINDOWS\SYSTEM32\profapi.dll
0x00007ffdd1440000 - 0x00007ffdd1458000 	c:\Users\user\.vscode\extensions\redhat.java-1.49.0-win32-x64\jre\21.0.9-win32-x86_64\bin\zip.dll
0x00007ffdd22c0000 - 0x00007ffdd22d0000 	C:\Users\user\.vscode\extensions\redhat.java-1.49.0-win32-x64\jre\21.0.9-win32-x86_64\bin\net.dll
0x00007ffdf9370000 - 0x00007ffdf948f000 	C:\WINDOWS\SYSTEM32\WINHTTP.dll
0x00007ffe004f0000 - 0x00007ffe0055b000 	C:\WINDOWS\system32\mswsock.dll
0x00007ffdcdf10000 - 0x00007ffdcdf26000 	C:\Users\user\.vscode\extensions\redhat.java-1.49.0-win32-x64\jre\21.0.9-win32-x86_64\bin\nio.dll
0x00007ffdd1900000 - 0x00007ffdd1910000 	c:\Users\user\.vscode\extensions\redhat.java-1.49.0-win32-x64\jre\21.0.9-win32-x86_64\bin\verify.dll
0x00007ffdb5ac0000 - 0x00007ffdb5b04000 	C:\Users\user\AppData\Roaming\Code\User\globalStorage\redhat.java\1.49.0\config_win\org.eclipse.equinox.launcher\org.eclipse.equinox.launcher.win32.win32.x86_64_1.2.1400.v20250801-0854\eclipse_11916.dll
0x00007ffe02700000 - 0x00007ffe02898000 	C:\WINDOWS\System32\ole32.dll
0x00007ffe008d0000 - 0x00007ffe008eb000 	C:\WINDOWS\SYSTEM32\CRYPTSP.dll
0x00007ffdfff20000 - 0x00007ffdfff5b000 	C:\WINDOWS\system32\rsaenh.dll
0x00007ffe00590000 - 0x00007ffe005bb000 	C:\WINDOWS\SYSTEM32\USERENV.dll
0x00007ffe01100000 - 0x00007ffe01126000 	C:\WINDOWS\SYSTEM32\bcrypt.dll
0x00007ffe00730000 - 0x00007ffe0073c000 	C:\WINDOWS\SYSTEM32\CRYPTBASE.dll
0x00007ffdffaf0000 - 0x00007ffdffb24000 	C:\WINDOWS\SYSTEM32\IPHLPAPI.DLL
0x00007ffe03f70000 - 0x00007ffe03f7a000 	C:\WINDOWS\System32\NSI.dll
0x00007ffd9e120000 - 0x00007ffd9e169000 	C:\Users\user\AppData\Local\Temp\jna-3599307\jna332307553082613156.dll
0x00007ffe03c40000 - 0x00007ffe03c48000 	C:\WINDOWS\System32\PSAPI.DLL
0x00007ffdfac40000 - 0x00007ffdfac5e000 	C:\WINDOWS\SYSTEM32\dhcpcsvc6.DLL
0x00007ffdfaab0000 - 0x00007ffdfaad3000 	C:\WINDOWS\SYSTEM32\dhcpcsvc.DLL
0x00007ffdd1430000 - 0x00007ffdd143e000 	C:\Users\user\.vscode\extensions\redhat.java-1.49.0-win32-x64\jre\21.0.9-win32-x86_64\bin\sunmscapi.dll
0x00007ffe01cd0000 - 0x00007ffe01e47000 	C:\WINDOWS\System32\CRYPT32.dll
0x00007ffe00a20000 - 0x00007ffe00a50000 	C:\WINDOWS\SYSTEM32\ncrypt.dll
0x00007ffe009d0000 - 0x00007ffe00a0f000 	C:\WINDOWS\SYSTEM32\NTASN1.dll
0x00007ffdffb30000 - 0x00007ffdffc56000 	C:\WINDOWS\SYSTEM32\DNSAPI.dll
0x00007ffdf88c0000 - 0x00007ffdf88cb000 	C:\Windows\System32\rasadhlp.dll
0x00007ffdfae90000 - 0x00007ffdfaf16000 	C:\WINDOWS\System32\fwpuclnt.dll
0x00007ffdefb90000 - 0x00007ffdefb99000 	C:\Users\user\.vscode\extensions\redhat.java-1.49.0-win32-x64\jre\21.0.9-win32-x86_64\bin\extnet.dll

JVMTI agents:
c:\Users\user\.vscode\extensions\redhat.java-1.49.0-win32-x64\lombok\lombok-1.18.39-4050.jar path:c:\Users\user\.vscode\extensions\redhat.java-1.49.0-win32-x64\jre\21.0.9-win32-x86_64\bin\instrument.dll, loaded, initialized, instrumentlib options:none

dbghelp: loaded successfully - version: 4.0.5 - missing functions: none
symbol engine: initialized successfully - sym options: 0x614 - pdb path: .;c:\Users\user\.vscode\extensions\redhat.java-1.49.0-win32-x64\jre\21.0.9-win32-x86_64\bin;C:\WINDOWS\SYSTEM32;C:\WINDOWS\WinSxS\amd64_microsoft.windows.common-controls_6595b64144ccf1df_6.0.26100.6725_none_3e085828e334708b;c:\Users\user\.vscode\extensions\redhat.java-1.49.0-win32-x64\jre\21.0.9-win32-x86_64\bin\server;C:\Users\user\AppData\Roaming\Code\User\globalStorage\redhat.java\1.49.0\config_win\org.eclipse.equinox.launcher\org.eclipse.equinox.launcher.win32.win32.x86_64_1.2.1400.v20250801-0854;C:\Users\user\AppData\Local\Temp\jna-3599307

VM Arguments:
jvm_args: --add-modules=ALL-SYSTEM --add-opens=java.base/java.util=ALL-UNNAMED --add-opens=java.base/java.lang=ALL-UNNAMED --add-opens=java.base/sun.nio.fs=ALL-UNNAMED -Declipse.application=org.eclipse.jdt.ls.core.id1 -Dosgi.bundles.defaultStartLevel=4 -Declipse.product=org.eclipse.jdt.ls.core.product -Djava.import.generatesMetadataFilesAtProjectRoot=false -DDetectVMInstallationsJob.disabled=true -Dfile.encoding=utf8 -XX:+UseParallelGC -XX:GCTimeRatio=4 -XX:AdaptiveSizePolicyWeight=90 -Dsun.zip.disableMemoryMapping=true -Xmx2G -Xms100m -Xlog:disable -javaagent:c:\Users\user\.vscode\extensions\redhat.java-1.49.0-win32-x64\lombok\lombok-1.18.39-4050.jar -XX:+HeapDumpOnOutOfMemoryError -XX:HeapDumpPath=c:\Users\user\AppData\Roaming\Code\User\workspaceStorage\f630192729894180dd8e0e4f931b27e7\redhat.java -Daether.dependencyCollector.impl=bf 
java_command: c:\Users\user\.vscode\extensions\redhat.java-1.49.0-win32-x64\server\plugins\org.eclipse.equinox.launcher_1.7.100.v20251111-0406.jar -configuration c:\Users\user\AppData\Roaming\Code\User\globalStorage\redhat.java\1.49.0\config_win -data c:\Users\user\AppData\Roaming\Code\User\workspaceStorage\f630192729894180dd8e0e4f931b27e7\redhat.java\jdt_ws --pipe=\\.\pipe\lsp-1dd5535282c517fb30db1e4cf39d2a4c-sock
java_class_path (initial): c:\Users\user\.vscode\extensions\redhat.java-1.49.0-win32-x64\server\plugins\org.eclipse.equinox.launcher_1.7.100.v20251111-0406.jar
Launcher Type: SUN_STANDARD

[Global flags]
    uintx AdaptiveSizePolicyWeight                 = 90                                        {product} {command line}
     intx CICompilerCount                          = 12                                        {product} {ergonomic}
    uintx GCTimeRatio                              = 4                                         {product} {command line}
     bool HeapDumpOnOutOfMemoryError               = true                                   {manageable} {command line}
    ccstr HeapDumpPath                             = c:\Users\user\AppData\Roaming\Code\User\workspaceStorage\f630192729894180dd8e0e4f931b27e7\redhat.java         {manageable} {command line}
   size_t InitialHeapSize                          = 104857600                                 {product} {command line}
   size_t MaxHeapSize                              = 2147483648                                {product} {command line}
   size_t MaxNewSize                               = 715653120                                 {product} {ergonomic}
   size_t MinHeapDeltaBytes                        = 524288                                    {product} {ergonomic}
   size_t MinHeapSize                              = 104857600                                 {product} {command line}
   size_t NewSize                                  = 34603008                                  {product} {ergonomic}
    uintx NonNMethodCodeHeapSize                   = 7602480                                {pd product} {ergonomic}
    uintx NonProfiledCodeHeapSize                  = 122027880                              {pd product} {ergonomic}
   size_t OldSize                                  = 70254592                                  {product} {ergonomic}
    uintx ProfiledCodeHeapSize                     = 122027880                              {pd product} {ergonomic}
    uintx ReservedCodeCacheSize                    = 251658240                              {pd product} {ergonomic}
     bool SegmentedCodeCache                       = true                                      {product} {ergonomic}
   size_t SoftMaxHeapSize                          = 2147483648                             {manageable} {ergonomic}
     bool UseCompressedOops                        = true                           {product lp64_product} {ergonomic}
     bool UseLargePagesIndividualAllocation        = false                                  {pd product} {ergonomic}
     bool UseParallelGC                            = true                                      {product} {command line}

Logging:
Log output configuration:
 #0: stdout all=off uptime,level,tags foldmultilines=false
 #1: stderr all=off uptime,level,tags foldmultilines=false

Release file:
JAVA_VERSION="21.0.9" 
MODULES="java.base java.compiler java.datatransfer java.xml java.prefs java.desktop java.instrument java.logging java.management java.security.sasl java.naming java.rmi java.management.rmi java.net.http java.scripting java.security.jgss java.transaction.xa java.sql java.sql.rowset java.xml.crypto java.se java.smartcardio jdk.accessibility jdk.internal.jvmstat jdk.attach jdk.charsets jdk.internal.opt jdk.zipfs jdk.compiler jdk.crypto.ec jdk.crypto.cryptoki jdk.crypto.mscapi jdk.dynalink jdk.internal.ed jdk.editpad jdk.hotspot.agent jdk.httpserver jdk.internal.le jdk.internal.vm.ci jdk.internal.vm.compiler jdk.internal.vm.compiler.management jdk.jartool jdk.javadoc jdk.jcmd jdk.management jdk.management.agent jdk.jconsole jdk.jdeps jdk.jdwp.agent jdk.jdi jdk.jfr jdk.jshell jdk.jsobject jdk.jstatd jdk.localedata jdk.management.jfr jdk.naming.dns jdk.naming.rmi jdk.net jdk.nio.mapmode jdk.random jdk.sctp jdk.security.auth jdk.security.jgss jdk.unsupported jdk.unsupported.desktop jdk.xml.dom" 

Environment Variables:
PATH=C:\Program Files\Eclipse Adoptium\jdk-11.0.28.6-hotspot\bin;C:\WINDOWS\system32;C:\WINDOWS;C:\WINDOWS\System32\Wbem;C:\WINDOWS\System32\WindowsPowerShell\v1.0\;C:\WINDOWS\System32\OpenSSH\;C:\Program Files\Git\cmd;C:\Program Files\nodejs\;C:\Program Files\Java\jdk-17\bin;C:\Dev-Cpp\bin;C:\ProgramData\ComposerSetup\bin;C:\Users\user\AppData\Local\Packages\PythonSoftwareFoundation.Python.3.12_qbz5n2kfra8p0\LocalCache\local-packages\Python312\Scripts;C:\Program Files\Docker\Docker\resources\bin;C:\Program Files\PostgreSQL\17\bin;C:\platform-tools;C:\Program Files\Java\jdk-11.0.28;C:\Users\user\AppData\Local\Programs\Python\Python313\Scripts\;C:\Users\user\AppData\Local\Programs\Python\Python313\;C:\Users\user\AppData\Local\Programs\Python\Launcher\;C:\Users\user\.cargo\bin;C:\Users\user\AppData\Local\Programs\Eclipse Adoptium\jdk-21.0.6.7-hotspot\bin;C:\Program Files\MySQL\MySQL Shell 8.0\bin\;C:\Users\user\AppData\Local\Microsoft\WindowsApps;C:\Users\user\AppData\Local\Programs\Microsoft VS Code\bin;C:\Program Files (x86)\Nmap;C:\Users\user\AppData\Roaming\npm;C:\Users\user\AppData\Local\GitHubDesktop\bin;C:\xampp\mysql\bin;C:\Users\user\AppData\Local\Programs\cursor\resources\app\bin;C:\xampp\php;C:\Users\user\AppData\Local\ComposerSetup\bin;C:\Users\user\AppData\Roaming\Composer\vendor\bin;C:\Users\user\AppData\Local\Programs\Antigravity\bin
USERNAME=user
OS=Windows_NT
PROCESSOR_IDENTIFIER=Intel64 Family 6 Model 186 Stepping 2, GenuineIntel
TMP=C:\Users\user\AppData\Local\Temp
TEMP=C:\Users\user\AppData\Local\Temp




Periodic native trim disabled

---------------  S Y S T E M  ---------------

OS:
 Windows 11 , 64 bit Build 26100 (10.0.26100.6725)
OS uptime: 9 days 0:12 hours
Hyper-V role detected

CPU: total 20 (initial active 20) (10 cores per cpu, 2 threads per core) family 6 model 186 stepping 2 microcode 0x4121, cx8, cmov, fxsr, ht, mmx, 3dnowpref, sse, sse2, sse3, ssse3, sse4.1, sse4.2, popcnt, lzcnt, tsc, tscinvbit, avx, avx2, aes, erms, clmul, bmi1, bmi2, adx, sha, fma, vzeroupper, clflush, clflushopt, clwb, hv, serialize, rdtscp, rdpid, fsrm, f16c, cet_ibt, cet_ss
Processor Information for processor 0
  Max Mhz: 2400, Current Mhz: 2400, Mhz Limit: 2400
Processor Information for processor 1
  Max Mhz: 2400, Current Mhz: 2400, Mhz Limit: 2400
Processor Information for processor 2
  Max Mhz: 2400, Current Mhz: 2400, Mhz Limit: 2400
Processor Information for processor 3
  Max Mhz: 2400, Current Mhz: 2400, Mhz Limit: 2400
Processor Information for processor 4
  Max Mhz: 2400, Current Mhz: 2400, Mhz Limit: 2400
Processor Information for processor 5
  Max Mhz: 2400, Current Mhz: 2400, Mhz Limit: 2400
Processor Information for processor 6
  Max Mhz: 2400, Current Mhz: 2400, Mhz Limit: 2400
Processor Information for processor 7
  Max Mhz: 2400, Current Mhz: 2400, Mhz Limit: 2400
Processor Information for processor 8
  Max Mhz: 2400, Current Mhz: 2400, Mhz Limit: 2400
Processor Information for processor 9
  Max Mhz: 2400, Current Mhz: 2400, Mhz Limit: 2400
Processor Information for processor 10
  Max Mhz: 2400, Current Mhz: 2400, Mhz Limit: 2400
Processor Information for processor 11
  Max Mhz: 2400, Current Mhz: 2400, Mhz Limit: 2400
Processor Information for processor 12
  Max Mhz: 2400, Current Mhz: 1500, Mhz Limit: 1800
Processor Information for processor 13
  Max Mhz: 2400, Current Mhz: 1500, Mhz Limit: 1800
Processor Information for processor 14
  Max Mhz: 2400, Current Mhz: 1500, Mhz Limit: 1800
Processor Information for processor 15
  Max Mhz: 2400, Current Mhz: 1500, Mhz Limit: 1800
Processor Information for processor 16
  Max Mhz: 2400, Current Mhz: 1500, Mhz Limit: 1800
Processor Information for processor 17
  Max Mhz: 2400, Current Mhz: 1500, Mhz Limit: 1800
Processor Information for processor 18
  Max Mhz: 2400, Current Mhz: 1500, Mhz Limit: 1800
Processor Information for processor 19
  Max Mhz: 2400, Current Mhz: 1500, Mhz Limit: 1800

Memory: 4k page, system-wide physical 7709M (311M free)
TotalPageFile size 31261M (AvailPageFile size 15M)
current process WorkingSet (physical memory assigned to process): 8M, peak: 640M
current process commit charge ("private bytes"): 1619M, peak: 1806M

vm_info: OpenJDK 64-Bit Server VM (21.0.9+10-LTS) for windows-amd64 JRE (21.0.9+10-LTS), built on 2025-10-21T00:00:00Z by "admin" with unknown MS VC++:1942

END.
